<?xml version="1.0" encoding="UTF-8" ?>
<testsuite tests="42" failures="0" name="org.apache.catalina.util.TestNetMask" time="0.003" errors="0" skipped="0">
  <properties>
[...]
</properties>
  <testcase classname="org.apache.catalina.util.TestNetMask" name="testNetMask[0: mask [260.1.1.1], input [null]]" time="0.001"/>
  <testcase classname="org.apache.catalina.util.TestNetMask" name="testNetMask[1: mask [1.2.3.4/foo], input [null]]" time="0"/>
  <testcase classname="org.apache.catalina.util.TestNetMask" name="testNetMask[2: mask [1.2.3.4/-1], input [null]]" time="0"/>
  <testcase classname="org.apache.catalina.util.TestNetMask" name="testNetMask[3: mask [1.2.3.4/33], input [null]]" time="0"/>
  <testcase classname="org.apache.catalina.util.TestNetMask" name="testNetMask[4: mask [fffff::/71], input [null]]" time="0.001"/>
  <testcase classname="org.apache.catalina.util.TestNetMask" name="testNetMask[5: mask [ae31::27:ef2:1/foo], input [null]]" time="0"/>
  <testcase classname="org.apache.catalina.util.TestNetMask" name="testNetMask[6: mask [ae31::27:ef2:1/-1], input [null]]" time="0"/>
  <testcase classname="org.apache.catalina.util.TestNetMask" name="testNetMask[7: mask [ae31::27:ef2:1/129], input [null]]" time="0"/>
  <testcase classname="org.apache.catalina.util.TestNetMask" name="testNetMask[8: mask [1.2.3.4;[], input [null]]" time="0"/>
  <testcase classname="org.apache.catalina.util.TestNetMask" name="testNetMask[9: mask [1.2.3.4], input [1.2.3.4]]" time="0"/>
  <testcase classname="org.apache.catalina.util.TestNetMask" name="testNetMask[10: mask [1.2.3.4/32], input [1.2.3.3]]" time="0"/>
  <testcase classname="org.apache.catalina.util.TestNetMask" name="testNetMask[11: mask [1.2.3.4/32], input [1.2.3.4]]" time="0"/>
  <testcase classname="org.apache.catalina.util.TestNetMask" name="testNetMask[12: mask [1.2.3.4/32], input [1.2.3.5]]" time="0"/>
  <testcase classname="org.apache.catalina.util.TestNetMask" name="testNetMask[13: mask [1.2.3.4/31], input [1.2.3.3]]" time="0"/>
  <testcase classname="org.apache.catalina.util.TestNetMask" name="testNetMask[14: mask [1.2.3.4/31], input [1.2.3.4]]" time="0"/>
  <testcase classname="org.apache.catalina.util.TestNetMask" name="testNetMask[15: mask [1.2.3.4/31], input [1.2.3.5]]" time="0.001"/>
  <testcase classname="org.apache.catalina.util.TestNetMask" name="testNetMask[16: mask [1.2.3.4/31], input [1.2.3.6]]" time="0"/>
  <testcase classname="org.apache.catalina.util.TestNetMask" name="testNetMask[17: mask [10.0.0.0/22], input [9.255.255.255]]" time="0"/>
  <testcase classname="org.apache.catalina.util.TestNetMask" name="testNetMask[18: mask [10.0.0.0/22], input [10.0.0.0]]" time="0"/>
  <testcase classname="org.apache.catalina.util.TestNetMask" name="testNetMask[19: mask [10.0.0.0/22], input [10.0.3.255]]" time="0"/>
  <testcase classname="org.apache.catalina.util.TestNetMask" name="testNetMask[20: mask [10.0.0.0/22], input [10.0.4.0]]" time="0"/>
  <testcase classname="org.apache.catalina.util.TestNetMask" name="testNetMask[21: mask [::5:1], input [::5:1]]" time="0"/>
  <testcase classname="org.apache.catalina.util.TestNetMask" name="testNetMask[22: mask [::5:1/128], input [::4:ffff]]" time="0"/>
  <testcase classname="org.apache.catalina.util.TestNetMask" name="testNetMask[23: mask [::5:1/128], input [::5:1]]" time="0"/>
  <testcase classname="org.apache.catalina.util.TestNetMask" name="testNetMask[24: mask [::5:1/128], input [::5:2]]" time="0"/>
  <testcase classname="org.apache.catalina.util.TestNetMask" name="testNetMask[25: mask [::5:1/127], input [::4:ffff]]" time="0"/>
  <testcase classname="org.apache.catalina.util.TestNetMask" name="testNetMask[26: mask [::5:1/127], input [::5:0]]" time="0"/>
  <testcase classname="org.apache.catalina.util.TestNetMask" name="testNetMask[27: mask [::5:1/127], input [::5:1]]" time="0"/>
  <testcase classname="org.apache.catalina.util.TestNetMask" name="testNetMask[28: mask [::5:1/127], input [::5:2]]" time="0"/>
  <testcase classname="org.apache.catalina.util.TestNetMask" name="testNetMask[29: mask [a::5:1/42], input [9:ffff:ffff:ffff:ffff:ffff:ffff:ffff]]" time="0"/>
  <testcase classname="org.apache.catalina.util.TestNetMask" name="testNetMask[30: mask [a::5:1/42], input [a::0]]" time="0"/>
  <testcase classname="org.apache.catalina.util.TestNetMask" name="testNetMask[31: mask [a::5:1/42], input [a:0:3f:ffff:ffff:ffff:ffff:ffff]]" time="0"/>
  <testcase classname="org.apache.catalina.util.TestNetMask" name="testNetMask[32: mask [a::5:1/42], input [a:0:40::]]" time="0"/>
  <testcase classname="org.apache.catalina.util.TestNetMask" name="testNetMask[33: mask [10.0.0.0/22], input [::1]]" time="0"/>
  <testcase classname="org.apache.catalina.util.TestNetMask" name="testNetMask[34: mask [1.2.3.4;8080], input [1.2.3.4]]" time="0"/>
  <testcase classname="org.apache.catalina.util.TestNetMask" name="testNetMask[35: mask [1.2.3.4], input [1.2.3.4;8080]]" time="0"/>
  <testcase classname="org.apache.catalina.util.TestNetMask" name="testNetMask[36: mask [1.2.3.4;], input [1.2.3.4;8080]]" time="0"/>
  <testcase classname="org.apache.catalina.util.TestNetMask" name="testNetMask[37: mask [1.2.3.4;8080], input [1.2.3.4;8080]]" time="0"/>
  <testcase classname="org.apache.catalina.util.TestNetMask" name="testNetMask[38: mask [1.2.3.4;8080], input [1.2.3.4;8009]]" time="0"/>
  <testcase classname="org.apache.catalina.util.TestNetMask" name="testNetMask[39: mask [1.2.3.4;.*], input [1.2.3.4;8080]]" time="0"/>
  <testcase classname="org.apache.catalina.util.TestNetMask" name="testNetMask[40: mask [1.2.3.4;8\d+], input [1.2.3.4;8080]]" time="0"/>
  <testcase classname="org.apache.catalina.util.TestNetMask" name="testNetMask[41: mask [1.2.3.4;8\d+], input [1.2.3.4;9090]]" time="0"/>
</testsuite>