<?xml version="1.0" encoding="UTF-8" ?>
<testsuite tests="6" failures="3" name="org.apache.catalina.tribes.test.channel.TestUdpPackages" time="82.447" errors="1" skipped="0">
  <properties>
[...]
</properties>
  <testcase classname="org.apache.catalina.tribes.test.channel.TestUdpPackages" name="testDataSendASYNCM" time="29.522">
    <failure message="Checking success messages. expected:&lt;10000&gt; but was:&lt;7152&gt;" type="java.lang.AssertionError">java.lang.AssertionError: Checking success messages. expected:&lt;10000&gt; but was:&lt;7152&gt;
	at org.junit.Assert.fail(Assert.java:88)
	at org.junit.Assert.failNotEquals(Assert.java:834)
	at org.junit.Assert.assertEquals(Assert.java:645)
	at org.apache.catalina.tribes.test.channel.TestUdpPackages.testDataSendASYNCM(TestUdpPackages.java:196)
	at java.base/jdk.internal.reflect.NativeMethodAccessorImpl.invoke0(Native Method)
	at java.base/jdk.internal.reflect.NativeMethodAccessorImpl.invoke(NativeMethodAccessorImpl.java:64)
	at java.base/jdk.internal.reflect.DelegatingMethodAccessorImpl.invoke(DelegatingMethodAccessorImpl.java:43)
	at java.base/java.lang.reflect.Method.invoke(Method.java:564)
	at org.junit.runners.model.FrameworkMethod$1.runReflectiveCall(FrameworkMethod.java:50)
	at org.junit.internal.runners.model.ReflectiveCallable.run(ReflectiveCallable.java:12)
	at org.junit.runners.model.FrameworkMethod.invokeExplosively(FrameworkMethod.java:47)
	at org.junit.internal.runners.statements.InvokeMethod.evaluate(InvokeMethod.java:17)
	at org.junit.internal.runners.statements.RunBefores.evaluate(RunBefores.java:26)
	at org.junit.internal.runners.statements.RunAfters.evaluate(RunAfters.java:27)
	at org.junit.runners.ParentRunner.runLeaf(ParentRunner.java:325)
	at org.junit.runners.BlockJUnit4ClassRunner.runChild(BlockJUnit4ClassRunner.java:78)
	at org.junit.runners.BlockJUnit4ClassRunner.runChild(BlockJUnit4ClassRunner.java:57)
	at org.junit.runners.ParentRunner$3.run(ParentRunner.java:290)
	at org.junit.runners.ParentRunner$1.schedule(ParentRunner.java:71)
	at org.junit.runners.ParentRunner.runChildren(ParentRunner.java:288)
	at org.junit.runners.ParentRunner.access$000(ParentRunner.java:58)
	at org.junit.runners.ParentRunner$2.evaluate(ParentRunner.java:268)
	at org.junit.runners.ParentRunner.run(ParentRunner.java:363)
	at org.apache.maven.surefire.junit4.JUnit4Provider.execute(JUnit4Provider.java:252)
	at org.apache.maven.surefire.junit4.JUnit4Provider.executeTestSet(JUnit4Provider.java:141)
	at org.apache.maven.surefire.junit4.JUnit4Provider.invoke(JUnit4Provider.java:112)
	at java.base/jdk.internal.reflect.NativeMethodAccessorImpl.invoke0(Native Method)
	at java.base/jdk.internal.reflect.NativeMethodAccessorImpl.invoke(NativeMethodAccessorImpl.java:64)
	at java.base/jdk.internal.reflect.DelegatingMethodAccessorImpl.invoke(DelegatingMethodAccessorImpl.java:43)
	at java.base/java.lang.reflect.Method.invoke(Method.java:564)
	at org.apache.maven.surefire.util.ReflectionUtils.invokeMethodWithArray(ReflectionUtils.java:189)
	at org.apache.maven.surefire.booter.ProviderFactory$ProviderProxy.invoke(ProviderFactory.java:165)
	at org.apache.maven.surefire.booter.ProviderFactory.invokeProvider(ProviderFactory.java:85)
	at org.apache.maven.surefire.booter.ForkedBooter.runSuitesInProcess(ForkedBooter.java:115)
	at org.apache.maven.surefire.booter.ForkedBooter.main(ForkedBooter.java:75)
</failure>
    <system-out>Thread[Thread-60720] sent 500 messages in 44 ms.
Thread[Thread-60714] sent 500 messages in 66 ms.
Thread[Thread-60722] sent 500 messages in 67 ms.
Thread[Thread-60727] sent 500 messages in 77 ms.
Thread[Thread-60710] sent 500 messages in 88 ms.
Thread[Thread-60712] sent 500 messages in 91 ms.
Thread[Thread-60719] sent 500 messages in 90 ms.
Thread[Thread-60726] sent 500 messages in 86 ms.
Thread[Thread-60724] sent 500 messages in 89 ms.
Thread[Thread-60728] sent 500 messages in 82 ms.
Thread[Thread-60717] sent 500 messages in 94 ms.
Thread[Thread-60718] sent 500 messages in 95 ms.
Thread[Thread-60723] sent 500 messages in 94 ms.
Thread[Thread-60716] sent 500 messages in 97 ms.
Thread[Thread-60729] sent 500 messages in 86 ms.
Thread[Thread-60713] sent 500 messages in 98 ms.
Thread[Thread-60711] sent 500 messages in 99 ms.
Thread[Thread-60715] sent 500 messages in 99 ms.
Thread[Thread-60725] sent 500 messages in 97 ms.
Thread[Thread-60721] sent 500 messages in 99 ms.
Sent 10000 messages. Received 7152 Highest msg received:9999
Missing messages:0, 2, 6, 7, 8, 9, 10, 18, 24, 26, 59, 61, 62, 64, 65, 66, 67, 68, 69, 70, 71, 72, 73, 74, 75, 76, 77, 78, 79, 81, 82, 83, 84, 85, 86, 87, 88, 89, 91, 92, 93, 94, 95, 96, 97, 98, 99, 100, 101, 102, 103, 104, 105, 106, 107, 109, 110, 111, 112, 113, 114, 115, 116, 117, 118, 119, 121, 122, 124, 125, 126, 127, 128, 129, 130, 131, 132, 133, 134, 135, 136, 138, 139, 140, 141, 142, 144, 145, 147, 148, 149, 151, 152, 153, 155, 156, 157, 158, 159, 160, 161, 162, 163, 164, 165, 166, 167, 169, 170, 171, 172, 173, 174, 175, 176, 177, 178, 179, 181, 182, 183, 184, 185, 186, 187, 188, 189, 190, 192, 193, 194, 196, 197, 198, 199, 200, 201, 202, 203, 205, 206, 207, 208, 209, 210, 211, 212, 213, 214, 215, 218, 219, 220, 221, 222, 223, 224, 225, 226, 227, 228, 230, 231, 232, 233, 234, 235, 237, 238, 239, 240, 241, 242, 243, 244, 245, 246, 247, 249, 250, 251, 252, 253, 254, 255, 256, 257, 258, 259, 260, 261, 262, 263, 264, 265, 266, 267, 268, 269, 270, 271, 272, 273, 274, 275, 276, 278, 279, 280, 281, 282, 283, 284, 285, 286, 287, 288, 289, 291, 292, 293, 294, 295, 296, 297, 298, 299, 300, 301, 302, 303, 304, 306, 308, 309, 310, 311, 312, 313, 314, 315, 316, 317, 318, 319, 320, 321, 322, 323, 325, 326, 328, 329, 330, 331, 332, 333, 334, 335, 336, 337, 339, 340, 341, 342, 343, 344, 345, 346, 347, 348, 349, 350, 351, 353, 354, 355, 356, 357, 358, 359, 360, 361, 362, 363, 364, 365, 367, 368, 369, 370, 371, 372, 374, 375, 376, 377, 378, 379, 380, 381, 382, 383, 384, 385, 386, 387, 388, 389, 390, 392, 393, 394, 395, 396, 397, 398, 399, 400, 401, 402, 403, 404, 405, 407, 408, 409, 410, 411, 412, 413, 414, 415, 416, 417, 418, 420, 422, 424, 425, 426, 427, 429, 430, 431, 432, 433, 434, 435, 436, 437, 438, 442, 444, 445, 446, 447, 448, 450, 451, 452, 453, 454, 455, 456, 457, 458, 459, 460, 461, 462, 463, 464, 465, 466, 467, 468, 469, 470, 471, 472, 473, 474, 475, 477, 478, 479, 480, 481, 482, 483, 484, 485, 486, 487, 488, 490, 491, 492, 493, 494, 496, 497, 498, 499, 501, 502, 503, 504, 506, 507, 508, 509, 510, 512, 513, 514, 515, 516, 517, 518, 519, 520, 521, 522, 525, 526, 527, 528, 529, 530, 531, 532, 533, 535, 536, 537, 538, 539, 540, 541, 542, 543, 544, 546, 547, 548, 549, 550, 551, 552, 553, 554, 555, 556, 558, 559, 560, 562, 563, 564, 565, 566, 567, 568, 569, 570, 571, 574, 575, 576, 577, 578, 579, 580, 581, 582, 583, 584, 585, 586, 588, 589, 590, 591, 592, 593, 594, 595, 596, 598, 599, 600, 602, 603, 604, 605, 606, 607, 609, 610, 611, 612, 613, 614, 615, 616, 617, 618, 619, 620, 621, 622, 624, 625, 626, 627, 628, 629, 630, 631, 632, 633, 634, 635, 636, 637, 638, 639, 640, 641, 642, 643, 644, 645, 646, 648, 649, 650, 653, 654, 655, 656, 658, 659, 660, 661, 663, 664, 665, 666, 667, 668, 669, 670, 671, 672, 673, 674, 675, 676, 678, 679, 680, 681, 682, 683, 684, 685, 686, 687, 688, 689, 690, 691, 692, 695, 696, 697, 698, 699, 700, 701, 703, 704, 705, 706, 707, 708, 709, 710, 711, 712, 713, 714, 715, 716, 718, 719, 720, 721, 722, 723, 724, 725, 726, 727, 728, 729, 730, 731, 734, 735, 736, 737, 738, 739, 740, 741, 742, 743, 744, 746, 747, 748, 749, 750, 751, 752, 753, 754, 755, 756, 757, 758, 759, 760, 761, 762, 764, 765, 766, 768, 769, 771, 773, 774, 775, 776, 777, 779, 780, 781, 783, 784, 785, 786, 787, 789, 790, 791, 792, 793, 794, 795, 796, 798, 799, 800, 801, 802, 804, 805, 806, 807, 808, 810, 811, 812, 813, 814, 815, 817, 818, 819, 821, 822, 823, 824, 825, 827, 829, 830, 831, 833, 834, 837, 838, 839, 840, 841, 842, 843, 844, 847, 848, 849, 850, 851, 853, 855, 856, 857, 858, 859, 860, 861, 863, 864, 865, 867, 868, 869, 870, 871, 872, 873, 875, 876, 877, 878, 879, 880, 881, 882, 883, 884, 885, 886, 887, 888, 889, 891, 892, 893, 894, 895, 896, 897, 898, 899, 900, 901, 902, 903, 905, 906, 907, 908, 909, 910, 912, 913, 914, 915, 916, 917, 918, 919, 920, 921, 923, 924, 925, 926, 927, 928, 929, 930, 932, 933, 934, 935, 937, 938, 939, 940, 941, 943, 944, 945, 946, 948, 949, 951, 952, 953, 954, 955, 956, 957, 959, 961, 962, 964, 965, 966, 967, 969, 970, 971, 972, 973, 974, 975, 976, 977, 978, 980, 981, 982, 983, 984, 985, 986, 987, 989, 990, 991, 992, 994, 995, 996, 997, 998, 999, 1000, 1001, 1002, 1004, 1005, 1006, 1007, 1008, 1009, 1010, 1011, 1012, 1013, 1014, 1015, 1016, 1019, 1020, 1021, 1023, 1024, 1025, 1026, 1027, 1028, 1029, 1031, 1032, 1033, 1035, 1037, 1038, 1039, 1041, 1042, 1043, 1044, 1045, 1046, 1047, 1048, 1051, 1052, 1053, 1054, 1055, 1057, 1058, 1059, 1061, 1062, 1063, 1064, 1065, 1066, 1067, 1068, 1069, 1070, 1071, 1072, 1073, 1074, 1075, 1076, 1077, 1078, 1079, 1080, 1081, 1084, 1085, 1086, 1087, 1090, 1091, 1092, 1093, 1094, 1095, 1096, 1097, 1098, 1099, 1100, 1101, 1102, 1103, 1104, 1106, 1107, 1108, 1109, 1110, 1111, 1112, 1113, 1114, 1115, 1116, 1118, 1119, 1120, 1121, 1122, 1124, 1125, 1126, 1127, 1128, 1129, 1132, 1133, 1134, 1136, 1137, 1138, 1139, 1140, 1141, 1142, 1143, 1144, 1145, 1146, 1147, 1148, 1149, 1150, 1151, 1152, 1154, 1155, 1156, 1157, 1158, 1159, 1160, 1161, 1162, 1163, 1164, 1165, 1166, 1167, 1169, 1170, 1171, 1172, 1173, 1174, 1175, 1176, 1177, 1179, 1180, 1181, 1182, 1183, 1184, 1185, 1186, 1187, 1188, 1189, 1191, 1192, 1193, 1194, 1195, 1196, 1197, 1199, 1200, 1202, 1203, 1204, 1207, 1208, 1210, 1211, 1212, 1213, 1214, 1215, 1216, 1217, 1218, 1219, 1220, 1221, 1222, 1223, 1224, 1226, 1228, 1229, 1230, 1231, 1232, 1233, 1234, 1235, 1236, 1237, 1238, 1239, 1240, 1241, 1243, 1244, 1245, 1246, 1247, 1248, 1249, 1250, 1251, 1252, 1253, 1254, 1255, 1257, 1258, 1260, 1261, 1262, 1264, 1265, 1266, 1267, 1269, 1270, 1271, 1272, 1273, 1274, 1275, 1277, 1278, 1279, 1281, 1283, 1284, 1285, 1286, 1287, 1288, 1289, 1290, 1291, 1292, 1294, 1296, 1297, 1298, 1299, 1302, 1303, 1304, 1305, 1306, 1307, 1308, 1309, 1310, 1312, 1313, 1314, 1315, 1316, 1317, 1318, 1319, 1320, 1321, 1322, 1324, 1325, 1327, 1328, 1330, 1331, 1332, 1333, 1335, 1336, 1337, 1338, 1339, 1340, 1342, 1343, 1344, 1345, 1347, 1348, 1349, 1350, 1351, 1352, 1353, 1354, 1355, 1357, 1358, 1360, 1361, 1362, 1363, 1364, 1368, 1369, 1370, 1371, 1372, 1374, 1375, 1376, 1377, 1378, 1379, 1381, 1383, 1384, 1386, 1387, 1388, 1389, 1390, 1391, 1392, 1393, 1395, 1396, 1398, 1399, 1402, 1403, 1404, 1405, 1406, 1407, 1408, 1410, 1411, 1414, 1416, 1417, 1418, 1419, 1420, 1421, 1422, 1423, 1424, 1426, 1427, 1429, 1430, 1431, 1432, 1433, 1434, 1436, 1437, 1439, 1440, 1441, 1442, 1443, 1444, 1445, 1446, 1447, 1448, 1450, 1451, 1452, 1453, 1455, 1456, 1457, 1458, 1459, 1460, 1462, 1463, 1465, 1466, 1467, 1469, 1471, 1472, 1474, 1475, 1476, 1477, 1478, 1479, 1480, 1481, 1482, 1484, 1485, 1486, 1487, 1488, 1489, 1491, 1492, 1493, 1495, 1496, 1497, 1498, 1499, 1500, 1501, 1502, 1503, 1504, 1506, 1507, 1508, 1509, 1511, 1512, 1513, 1514, 1515, 1516, 1517, 1519, 1520, 1522, 1524, 1527, 1528, 1529, 1530, 1531, 1532, 1533, 1535, 1536, 1538, 1539, 1540, 1541, 1543, 1544, 1545, 1546, 1547, 1548, 1549, 1550, 1551, 1552, 1553, 1555, 1557, 1558, 1559, 1560, 1561, 1562, 1563, 1564, 1565, 1567, 1569, 1570, 1571, 1572, 1573, 1574, 1576, 1577, 1578, 1579, 1580, 1581, 1582, 1583, 1585, 1586, 1587, 1588, 1589, 1590, 1592, 1593, 1595, 1596, 1597, 1598, 1600, 1601, 1602, 1603, 1605, 1607, 1608, 1609, 1610, 1611, 1612, 1614, 1615, 1616, 1617, 1618, 1620, 1622, 1623, 1624, 1625, 1626, 1627, 1628, 1629, 1630, 1632, 1633, 1634, 1636, 1637, 1638, 1639, 1640, 1641, 1643, 1645, 1646, 1647, 1648, 1649, 1650, 1651, 1652, 1654, 1655, 1657, 1658, 1659, 1660, 1661, 1662, 1664, 1665, 1666, 1667, 1668, 1669, 1670, 1671, 1672, 1673, 1674, 1675, 1676, 1679, 1680, 1681, 1682, 1683, 1684, 1686, 1687, 1688, 1690, 1691, 1692, 1693, 1694, 1696, 1697, 1698, 1699, 1700, 1701, 1702, 1704, 1705, 1706, 1709, 1711, 1712, 1713, 1714, 1715, 1716, 1717, 1718, 1720, 1722, 1723, 1725, 1727, 1728, 1729, 1730, 1731, 1733, 1734, 1735, 1737, 1738, 1739, 1740, 1741, 1742, 1743, 1745, 1748, 1750, 1751, 1752, 1753, 1754, 1756, 1757, 1758, 1759, 1762, 1763, 1764, 1765, 1766, 1767, 1768, 1770, 1772, 1774, 1776, 1777, 1778, 1779, 1782, 1783, 1784, 1785, 1786, 1787, 1788, 1789, 1790, 1792, 1796, 1797, 1798, 1799, 1801, 1802, 1803, 1805, 1807, 1808, 1809, 1810, 1812, 1813, 1814, 1817, 1818, 1819, 1820, 1821, 1823, 1824, 1825, 1827, 1828, 1831, 1832, 1833, 1836, 1837, 1838, 1839, 1840, 1841, 1842, 1843, 1844, 1846, 1848, 1849, 1850, 1852, 1853, 1854, 1855, 1856, 1857, 1858, 1860, 1861, 1862, 1863, 1865, 1867, 1869, 1870, 1871, 1872, 1873, 1874, 1875, 1876, 1878, 1879, 1880, 1881, 1882, 1883, 1884, 1887, 1888, 1891, 1893, 1894, 1896, 1897, 1898, 1899, 1900, 1901, 1902, 1904, 1906, 1907, 1909, 1911, 1912, 1913, 1915, 1916, 1917, 1919, 1920, 1921, 1922, 1924, 1925, 1926, 1928, 1929, 1932, 1933, 1934, 1937, 1938, 1939, 1940, 1941, 1943, 1944, 1945, 1947, 1949, 1951, 1952, 1953, 1954, 1956, 1957, 1958, 1959, 1961, 1962, 1963, 1964, 1965, 1966, 1968, 1970, 1971, 1973, 1974, 1975, 1976, 1979, 1980, 1981, 1982, 1983, 1984, 1985, 1987, 1990, 1991, 1992, 1993, 1994, 1995, 1996, 1997, 2000, 2002, 2003, 2004, 2006, 2007, 2008, 2009, 2010, 2011, 2012, 2014, 2015, 2018, 2019, 2020, 2022, 2023, 2027, 2028, 2029, 2030, 2033, 2034, 2036, 2037, 2038, 2040, 2041, 2043, 2044, 2045, 2046, 2047, 2048, 2049, 2051, 2053, 2054, 2055, 2056, 2057, 2058, 2059, 2060, 2061, 2062, 2064, 2067, 2071, 2072, 2073, 2074, 2075, 2077, 2078, 2079, 2080, 2081, 2083, 2084, 2085, 2086, 2087, 2088, 2089, 2091, 2092, 2094, 2095, 2096, 2097, 2101, 2102, 2103, 2104, 2105, 2106, 2108, 2110, 2111, 2113, 2114, 2115, 2117, 2119, 2121, 2122, 2123, 2124, 2125, 2126, 2128, 2129, 2130, 2132, 2134, 2135, 2136, 2137, 2138, 2140, 2141, 2143, 2145, 2146, 2147, 2149, 2150, 2152, 2153, 2154, 2156, 2157, 2158, 2159, 2160, 2161, 2162, 2164, 2167, 2168, 2169, 2170, 2171, 2175, 2176, 2177, 2178, 2179, 2183, 2184, 2186, 2187, 2190, 2191, 2192, 2194, 2195, 2196, 2197, 2200, 2202, 2203, 2204, 2205, 2206, 2207, 2209, 2210, 2211, 2212, 2213, 2216, 2217, 2220, 2221, 2222, 2223, 2224, 2228, 2230, 2231, 2232, 2233, 2234, 2236, 2237, 2238, 2239, 2240, 2241, 2242, 2243, 2245, 2246, 2248, 2249, 2251, 2252, 2253, 2254, 2255, 2256, 2257, 2260, 2261, 2263, 2264, 2265, 2266, 2267, 2268, 2269, 2270, 2271, 2272, 2274, 2276, 2278, 2279, 2280, 2281, 2282, 2283, 2284, 2285, 2286, 2287, 2288, 2289, 2290, 2292, 2293, 2296, 2297, 2299, 2301, 2302, 2303, 2305, 2307, 2309, 2310, 2312, 2313, 2314, 2315, 2316, 2318, 2319, 2321, 2322, 2323, 2324, 2325, 2326, 2327, 2328, 2329, 2331, 2332, 2334, 2336, 2337, 2339, 2340, 2341, 2342, 2343, 2344, 2346, 2347, 2349, 2351, 2353, 2354, 2356, 2357, 2358, 2359, 2360, 2363, 2365, 2366, 2367, 2371, 2372, 2374, 2375, 2377, 2378, 2395, 2399, 2401, 2404, 2408, 2411, 2414, 2415, 2420, 2424, 2425, 2445, 2446, 2449, 2453, 2454, 2456, 2459, 2462, 2465, 2466, 2468, 2476, 2477, 2481, 2483, 2486, 2488, 2489, 2492, 2494, 2498, 2499, 2503, 2505, 2510, 2517, 2527, 2529, 2532, 2536, 2537, 2539, 2541, 2544, 2546, 2548, 2549, 2550, 2551, 2555, 2560, 2571, 2576, 2578, 2587, 2590, 2596, 2601, 2602, 2606, 2607, 2608, 2612, 2616, 2619, 2626, 2627, 2628, 2634, 2637, 2640, 2642, 2647, 2659, 2665, 2672, 2674, 2678, 2679, 2685, 2686, 2687, 2690, 2691, 2693, 2695, 2696, 2700, 2708, 2710, 2711, 2713, 2716, 2717, 2722, 2724, 2728, 2733, 2740, 2742, 2747, 2752, 2757, 2763, 2765, 2766, 2769, 2776, 2778, 2779, 2780, 2782, 2786, 2788, 2789, 2799, 2807, 2812, 2814, 2822, 2828, 2838, 2848, 2850, 2853, 2857, 2861, 2862, 2972, 2973, 2974, 2981, 2982, 2984, 2986, 2989, 2998, 3002, 3003, 3004, 3007, 3008, 3010, 3011, 3015, 3018, 3028, 3033, 3036, 3044, 3047, 3048, 3050, 3052, 3057, 3058, 3062, 3066, 3070, 3075, 3080, 3088, 3091, 3092, 3097, 3103, 3106, 3107, 3108, 3124, 3126, 3127, 3130, 3153, 3167, 3176, 3178, 3179, 3192, 3197, 3218, 3220, 3226, 3334, 3353, 3357, 3358, 3368, 3377, 3386, 3396, 3399, 3410, 3435, 3449, 3450, 3454, 3466, 3474, 3475, 3510, 3527, 3530, 3549, 3574, 3575, 3577, 3578, 3588, 3593, 3596, 3603, 3610, 3611, 3613, 3614, 3615, 3619, 3621, 3623, 3624, 3651, 3744, 3749, 3752, 3817, 3919, 3924, 3928, 3930, 3932, 3933, 3938, 3940, 3941, 3943, 3945, 3947, 3948, 3949, 3973, 4010, 4041, 4044, 4045, 4049, 4051, 4053, 4056, 4057, 4058, 4059, 4216, 4218, 4220, 4231, 4370, 4371, 4372, 4376, 4377, 5116, 5150, 5153, 5154, 5155, 5156, 5157, 5158, 5159, 5160, 5161, 5162, 5163, 5164, 5165, 5166, 5167, 5168, 5169, 5170, 5171, 5172, 5173, 5174, 5175, 5176, 5177, 5178, 5181, 5182, 5183, 5184, 5185, 5186, 5187, 5188, 5189, 5190, 5191, 5193, 5194, 5195, 5196, 5197, 5198, 5199, 5200, 5201, 5202, 5203, 5204, 5205, 5206, 5207, 5208, 5209, 5210, 5211, 5212, 5213, 5214, 5215, 5216, 5217, 5218, 5219, 5220, 5221, 5222, 5223, 5224, 5225, 5226, 5227, 5229, 5230, 5231, 5232, 5233, 5234, 5235, 5236, 5237, 5238, 5239, 5240, 5241, 5242, 5243, 5244, 5245, 5246, 5247, 5248, 5249, 5250, 5251, 5252, 5253, 5254, 5255, 5256, 5257, 5258, 5259, 5260, 5261, 5262, 5263, 5264, 5265, 5266, 5267, 5268, 5269, 5270, 5271, 5272, 5273, 5274, 5275, 5276, 5277, 5278, 5279, 5280, 5281, 5282, 5283, 5284, 5285, 5286, 5287, 5288, 5289, 5290, 5291, 5292, 5293, 5294, 5295, 5296, 5297, 5298, 5299, 5300, 5301, 5302, 5303, 5304, 5305, 5306, 5307, 5308, 5309, 5310, 5311, 5312, 5313, 5314, 5315, 5316, 5317, 5318, 5319, 5320, 5321, 5322, 5323, 5324, 5325, 5326, 5327, 5328, 5329, 5330, 5331, 5332, 5333, 5334, 5335, 5336, 5337, 5338, 5339, 5340, 5341, 5342, 5343, 5344, 5345, 5346, 5347, 5348, 5349, 5350, 5351, 5352, 5353, 5354, 5355, 5356, 5357, 5358, 5359, 5360, 5361, 5362, 5363, 5364, 5365, 5366, 5367, 5368, 5369, 5370, 5371, 5372, 5373, 5374, 5375, 5376, 5377, 5697, 5705, 5706, 5707, 5708, 5709, 5710, 5711, 5712, 5715, 5716, 5717, 5719, 5720, 5721, 5722, 5723, 5724, 5725, 5726, 5727, 5728, 5729, 5731, 5732, 5763, 5764, 6917, 7091, 7093, 7095, 7096, 7097, 7098, 7099, 7100, 7101, 7102, 7103, 7104, 7105, 7106, 7107, 7108, 7109, 7110, 7111, 7112, 7113, 7114, 7115, 7116, 7118, 7120, 7121, 7122, 7123, 7124, 7125, 7126, 7127, 7128, 7131, 7133, 7134, 7135, 7136, 7137, 7481, 7539, 7567, 7752, 7882, 7949, 7960, 8008, 8428, 8470, 8514, 8516, 8522, 8523, 8529, 8530, 8533, 8534, 8535, 8537, 8540, 8545, 8546, 8557, 8564, 8566, 8568, 8571, 8572, 8579, 8589, 8594, 8599, 8605, 8606, 8607, 8610, 8611, 8613, 8615, 8618, 8620, 8622, 8626, 8631, 8635, 8637, 8639, 8641, 8642, 8645, 8646, 8647, 8650, 8651, 8655, 8659, 8661, 8665, 8667, 8668, 8669, 8672, 8674, 8675, 8676, 8677, 8678, 8679, 8681, 8686, 8687, 8689, 8690, 8691, 8692, 8694, 8700, 8703, 8704, 8706, 8710, 8713, 8714, 8716, 8718, 8721, 8723, 8724, 8726, 8727, 8729, 8730, 8733, 8734, 8735, 8738, 8739, 8741, 8742, 8744, 8747, 8748, 8750, 8752, 8754, 8758, 8760, 8761, 8762, 8763, 8765, 8766, 8767, 8769, 8771, 8772, 8773, 8777, 8779, 8780, 8784, 8790, 8793, 8794, 8795, 8797, 8798, 8801, 8803, 8805, 8808, 8812, 8816, 8818, 8820, 8821, 8823, 8824, 8827, 8828, 8829, 8830, 8832, 8833, 8837, 8838, 8839, 8840, 8845, 8846, 8847, 8849, 8853, 8854, 8856, 8857, 8858, 8860, 8861, 8867, 8871, 8875, 8877, 8881, 8883, 8884, 8886, 8888, 8892, 8893, 8903, 8904, 8907, 8909, 8917, 8918, 8923, 8927, 8931, 8933, 8934, 8935, 8936, 8937, 8938, 8940, 8941, 8944, 8946, 8947, 8951, 8952, 8953, 8957, 8958, 8959, 8963, 8964, 8965, 8967, 8975, 8976, 8978, 8979, 8981, 8983, 8985, 8987, 8991, 8993, 8994, 8995, 8996, 8999, 9002, 9004, 9005, 9006, 9009, 9011, 9013, 9014, 9019, 9020, 9022, 9023, 9025, 9031, 9032, 9033, 9035, 9038, 9040, 9043, 9044, 9045, 9048, 9049, 9050, 9052, 9055, 9060, 9063, 9072, 9073, 9076, 9078, 9082, 9086, 9089, 9092, 9093, 9094, 9095, 9099, 9102, 9104, 9120, 9121, 9124, 9125, 9129, 9131, 9133, 9139, 9141, 9144, 9201, 9207, 9229, 9259, 9260, 9264, 9265, 9268, 9269, 9272, 9278, 9293, 9295, 9301, 9310, 9315, 9318, 9319, 9323, 9324, 9325, 9332, 9338, 9339, 9344, 9345, 9352, 9355, 9356, 9357, 9358, 9369, 9436, 9439, 9441, 9442, 9443, 9446, 9447, 9451, 9457, 9461, 9462, 9467, 9473, 9527, 9542, 9543, 9549, 9570, 9576, 9577, 9580, 9591, 9593, 9594, 9596, 9605, 9608, 9609, 9612, 9617, 9619, 9621, 9632, 9639, 9640, 9648, 9679, 9685, 9694, 9700, 9754, 9765, 9773, 9785, 9788, 9793, 9794, 9798, 9799, 9805, 9807, 9808, 9809, 9811, 9812, 9818, 9821, 9822, 9823, 9826, 9828, 9829, 9830, 9831, 9832, 9834, 9837, 9838, 9844, 9846, 9849, 9850, 9852, 9859, 9862, 9871, 9872, 9881, 9891, 9894, 9895, 9896, 9897, 9900, 9906, 9925, 9985, 9996, 
</system-out>
    <system-err>Starting NO_ACK
SUCCESS:1000
SUCCESS:2000
SUCCESS:3000
SUCCESS:4000
SUCCESS:5000
SUCCESS:6000
SUCCESS:7000
Finished NO_ACK [7152]
</system-err>
  </testcase>
  <testcase classname="org.apache.catalina.tribes.test.channel.TestUdpPackages" name="testDataSendNO_ACK" time="30.121">
    <failure message="Checking success messages. expected:&lt;10000&gt; but was:&lt;5922&gt;" type="java.lang.AssertionError">java.lang.AssertionError: Checking success messages. expected:&lt;10000&gt; but was:&lt;5922&gt;
	at org.junit.Assert.fail(Assert.java:88)
	at org.junit.Assert.failNotEquals(Assert.java:834)
	at org.junit.Assert.assertEquals(Assert.java:645)
	at org.apache.catalina.tribes.test.channel.TestUdpPackages.testDataSendNO_ACK(TestUdpPackages.java:140)
	at java.base/jdk.internal.reflect.NativeMethodAccessorImpl.invoke0(Native Method)
	at java.base/jdk.internal.reflect.NativeMethodAccessorImpl.invoke(NativeMethodAccessorImpl.java:64)
	at java.base/jdk.internal.reflect.DelegatingMethodAccessorImpl.invoke(DelegatingMethodAccessorImpl.java:43)
	at java.base/java.lang.reflect.Method.invoke(Method.java:564)
	at org.junit.runners.model.FrameworkMethod$1.runReflectiveCall(FrameworkMethod.java:50)
	at org.junit.internal.runners.model.ReflectiveCallable.run(ReflectiveCallable.java:12)
	at org.junit.runners.model.FrameworkMethod.invokeExplosively(FrameworkMethod.java:47)
	at org.junit.internal.runners.statements.InvokeMethod.evaluate(InvokeMethod.java:17)
	at org.junit.internal.runners.statements.RunBefores.evaluate(RunBefores.java:26)
	at org.junit.internal.runners.statements.RunAfters.evaluate(RunAfters.java:27)
	at org.junit.runners.ParentRunner.runLeaf(ParentRunner.java:325)
	at org.junit.runners.BlockJUnit4ClassRunner.runChild(BlockJUnit4ClassRunner.java:78)
	at org.junit.runners.BlockJUnit4ClassRunner.runChild(BlockJUnit4ClassRunner.java:57)
	at org.junit.runners.ParentRunner$3.run(ParentRunner.java:290)
	at org.junit.runners.ParentRunner$1.schedule(ParentRunner.java:71)
	at org.junit.runners.ParentRunner.runChildren(ParentRunner.java:288)
	at org.junit.runners.ParentRunner.access$000(ParentRunner.java:58)
	at org.junit.runners.ParentRunner$2.evaluate(ParentRunner.java:268)
	at org.junit.runners.ParentRunner.run(ParentRunner.java:363)
	at org.apache.maven.surefire.junit4.JUnit4Provider.execute(JUnit4Provider.java:252)
	at org.apache.maven.surefire.junit4.JUnit4Provider.executeTestSet(JUnit4Provider.java:141)
	at org.apache.maven.surefire.junit4.JUnit4Provider.invoke(JUnit4Provider.java:112)
	at java.base/jdk.internal.reflect.NativeMethodAccessorImpl.invoke0(Native Method)
	at java.base/jdk.internal.reflect.NativeMethodAccessorImpl.invoke(NativeMethodAccessorImpl.java:64)
	at java.base/jdk.internal.reflect.DelegatingMethodAccessorImpl.invoke(DelegatingMethodAccessorImpl.java:43)
	at java.base/java.lang.reflect.Method.invoke(Method.java:564)
	at org.apache.maven.surefire.util.ReflectionUtils.invokeMethodWithArray(ReflectionUtils.java:189)
	at org.apache.maven.surefire.booter.ProviderFactory$ProviderProxy.invoke(ProviderFactory.java:165)
	at org.apache.maven.surefire.booter.ProviderFactory.invokeProvider(ProviderFactory.java:85)
	at org.apache.maven.surefire.booter.ForkedBooter.runSuitesInProcess(ForkedBooter.java:115)
	at org.apache.maven.surefire.booter.ForkedBooter.main(ForkedBooter.java:75)
</failure>
    <system-out>Thread[Thread-60742] sent 500 messages in 659 ms.
Thread[Thread-60736] sent 500 messages in 663 ms.
Thread[Thread-60734] sent 500 messages in 672 ms.
Thread[Thread-60738] sent 500 messages in 682 ms.
Thread[Thread-60737] sent 500 messages in 683 ms.
Thread[Thread-60753] sent 500 messages in 667 ms.
Thread[Thread-60745] sent 500 messages in 678 ms.
Thread[Thread-60739] sent 500 messages in 686 ms.
Thread[Thread-60749] sent 500 messages in 677 ms.
Thread[Thread-60741] sent 500 messages in 687 ms.
Thread[Thread-60750] sent 500 messages in 679 ms.
Thread[Thread-60735] sent 500 messages in 694 ms.
Thread[Thread-60748] sent 500 messages in 683 ms.
Thread[Thread-60743] sent 500 messages in 689 ms.
Thread[Thread-60740] sent 500 messages in 693 ms.
Thread[Thread-60747] sent 500 messages in 687 ms.
Thread[Thread-60751] sent 500 messages in 683 ms.
Thread[Thread-60744] sent 500 messages in 691 ms.
Thread[Thread-60752] sent 500 messages in 683 ms.
Thread[Thread-60746] sent 500 messages in 691 ms.
Sent 10000 messages. Received 5922 Highest msg received:9999
Missing messages:0, 55, 58, 60, 61, 62, 63, 64, 65, 67, 68, 69, 70, 71, 72, 73, 74, 75, 77, 78, 79, 80, 81, 82, 83, 84, 85, 86, 87, 89, 90, 91, 92, 93, 94, 95, 96, 97, 98, 99, 100, 101, 102, 103, 104, 105, 106, 107, 109, 110, 111, 112, 113, 114, 115, 117, 118, 119, 120, 121, 122, 123, 124, 125, 126, 127, 128, 129, 130, 132, 133, 134, 135, 136, 137, 138, 139, 140, 141, 142, 144, 146, 147, 148, 149, 150, 151, 152, 153, 154, 155, 156, 157, 158, 159, 160, 161, 162, 164, 165, 166, 167, 168, 169, 170, 171, 172, 173, 174, 175, 176, 177, 178, 179, 180, 181, 182, 183, 184, 185, 186, 187, 189, 191, 192, 193, 194, 195, 197, 198, 199, 200, 201, 202, 203, 204, 205, 206, 207, 208, 209, 210, 212, 213, 214, 215, 216, 217, 218, 219, 220, 221, 222, 226, 227, 228, 229, 230, 231, 232, 233, 234, 236, 237, 238, 239, 240, 241, 242, 243, 244, 245, 246, 247, 248, 249, 250, 251, 252, 253, 254, 255, 256, 257, 258, 259, 260, 261, 262, 264, 265, 266, 267, 268, 269, 270, 271, 272, 274, 275, 276, 277, 278, 279, 280, 281, 282, 283, 284, 286, 287, 288, 289, 290, 291, 292, 293, 294, 295, 296, 297, 298, 299, 300, 301, 302, 303, 304, 305, 306, 307, 308, 309, 310, 311, 312, 313, 314, 315, 316, 317, 318, 320, 321, 322, 323, 324, 326, 327, 328, 329, 330, 332, 333, 334, 335, 336, 337, 338, 339, 340, 341, 342, 343, 344, 345, 346, 347, 348, 349, 350, 351, 352, 353, 355, 356, 357, 358, 359, 360, 361, 362, 363, 364, 365, 366, 367, 368, 369, 370, 371, 372, 373, 374, 375, 376, 377, 378, 379, 380, 381, 383, 384, 385, 386, 387, 388, 389, 390, 391, 392, 393, 394, 395, 396, 397, 398, 399, 400, 402, 404, 405, 406, 407, 408, 409, 410, 411, 412, 413, 414, 415, 416, 417, 418, 420, 421, 423, 424, 425, 426, 427, 428, 429, 430, 431, 432, 434, 435, 436, 437, 438, 439, 440, 441, 442, 443, 444, 445, 446, 447, 448, 449, 450, 451, 452, 453, 454, 455, 456, 457, 458, 459, 461, 462, 463, 464, 465, 466, 467, 468, 470, 471, 472, 473, 474, 475, 476, 477, 478, 479, 480, 481, 482, 483, 484, 485, 486, 487, 488, 489, 490, 492, 493, 494, 495, 496, 497, 498, 499, 500, 502, 503, 504, 505, 506, 507, 508, 509, 510, 512, 513, 514, 515, 516, 517, 518, 519, 520, 521, 523, 524, 525, 526, 527, 528, 529, 530, 531, 532, 533, 534, 535, 536, 537, 538, 539, 540, 541, 542, 543, 544, 545, 546, 547, 548, 549, 550, 551, 552, 553, 554, 555, 556, 558, 559, 560, 561, 562, 563, 564, 565, 566, 567, 568, 569, 570, 571, 572, 573, 574, 575, 576, 577, 578, 579, 581, 582, 583, 584, 585, 586, 587, 588, 589, 590, 591, 592, 593, 594, 595, 596, 598, 600, 601, 602, 603, 604, 605, 606, 607, 608, 609, 610, 611, 612, 613, 615, 616, 617, 618, 619, 620, 621, 622, 623, 624, 626, 627, 628, 629, 630, 631, 632, 633, 634, 635, 636, 637, 638, 639, 640, 641, 643, 644, 645, 646, 647, 648, 649, 650, 651, 653, 654, 655, 656, 657, 658, 659, 660, 661, 662, 663, 664, 665, 666, 667, 668, 669, 670, 672, 673, 674, 675, 676, 677, 678, 679, 680, 681, 682, 683, 684, 685, 686, 687, 688, 689, 690, 691, 692, 693, 695, 696, 697, 698, 699, 700, 701, 702, 703, 704, 705, 706, 707, 708, 709, 711, 712, 713, 714, 715, 716, 717, 718, 719, 720, 721, 722, 723, 724, 725, 726, 727, 728, 729, 730, 732, 733, 734, 735, 736, 737, 738, 739, 740, 741, 742, 743, 745, 746, 747, 748, 749, 750, 751, 752, 753, 754, 755, 756, 757, 758, 759, 760, 761, 762, 763, 764, 765, 767, 768, 769, 770, 771, 772, 773, 774, 775, 776, 777, 778, 779, 781, 782, 783, 784, 785, 786, 787, 788, 789, 790, 791, 792, 793, 794, 796, 797, 798, 799, 800, 801, 802, 803, 804, 805, 806, 808, 809, 810, 811, 812, 813, 814, 815, 816, 817, 818, 819, 820, 821, 822, 823, 824, 825, 826, 827, 828, 829, 830, 831, 832, 833, 834, 835, 836, 837, 841, 842, 843, 844, 845, 846, 847, 848, 849, 850, 851, 852, 853, 854, 855, 856, 857, 859, 860, 861, 862, 863, 864, 865, 866, 867, 870, 871, 872, 873, 874, 875, 876, 877, 878, 879, 880, 881, 882, 883, 884, 885, 886, 887, 888, 889, 890, 891, 892, 893, 894, 895, 896, 897, 898, 899, 900, 901, 902, 903, 904, 905, 906, 907, 908, 910, 911, 912, 913, 915, 916, 917, 918, 919, 920, 921, 922, 923, 924, 925, 926, 927, 928, 929, 930, 932, 933, 934, 935, 936, 937, 938, 939, 940, 941, 942, 943, 944, 945, 946, 947, 948, 949, 950, 951, 952, 954, 955, 956, 957, 958, 959, 960, 962, 963, 964, 965, 966, 967, 968, 969, 971, 972, 973, 974, 975, 976, 977, 978, 979, 980, 981, 982, 983, 985, 986, 987, 988, 989, 990, 991, 992, 993, 994, 995, 996, 997, 998, 999, 1000, 1001, 1002, 1003, 1005, 1006, 1007, 1009, 1010, 1011, 1012, 1013, 1014, 1015, 1016, 1017, 1018, 1019, 1020, 1021, 1022, 1023, 1024, 1025, 1026, 1027, 1029, 1030, 1031, 1032, 1033, 1034, 1035, 1036, 1037, 1038, 1039, 1040, 1041, 1042, 1043, 1044, 1045, 1046, 1047, 1048, 1049, 1050, 1051, 1053, 1054, 1055, 1056, 1057, 1058, 1059, 1060, 1061, 1062, 1063, 1064, 1065, 1066, 1067, 1068, 1069, 1070, 1071, 1073, 1074, 1075, 1076, 1077, 1078, 1079, 1080, 1081, 1082, 1083, 1084, 1085, 1086, 1087, 1088, 1089, 1090, 1091, 1092, 1093, 1095, 1096, 1097, 1098, 1099, 1100, 1101, 1102, 1103, 1105, 1106, 1107, 1108, 1110, 1111, 1112, 1113, 1114, 1115, 1116, 1117, 1118, 1119, 1120, 1121, 1122, 1123, 1124, 1125, 1126, 1127, 1128, 1129, 1130, 1131, 1132, 1133, 1134, 1135, 1136, 1137, 1138, 1140, 1141, 1142, 1143, 1144, 1145, 1146, 1147, 1148, 1149, 1150, 1151, 1152, 1153, 1154, 1155, 1156, 1157, 1159, 1160, 1161, 1162, 1163, 1164, 1165, 1166, 1167, 1168, 1169, 1170, 1171, 1172, 1173, 1174, 1175, 1177, 1178, 1179, 1180, 1181, 1182, 1183, 1184, 1185, 1186, 1187, 1188, 1189, 1190, 1191, 1192, 1193, 1194, 1195, 1196, 1197, 1199, 1200, 1201, 1202, 1203, 1204, 1205, 1206, 1207, 1208, 1209, 1210, 1211, 1212, 1214, 1215, 1216, 1217, 1218, 1219, 1220, 1221, 1223, 1224, 1225, 1226, 1227, 1228, 1229, 1230, 1231, 1232, 1234, 1235, 1236, 1237, 1238, 1239, 1240, 1241, 1242, 1243, 1244, 1245, 1246, 1247, 1248, 1249, 1251, 1252, 1253, 1254, 1255, 1256, 1257, 1258, 1259, 1260, 1262, 1263, 1264, 1265, 1266, 1267, 1268, 1269, 1270, 1271, 1273, 1274, 1275, 1276, 1277, 1278, 1279, 1280, 1281, 1282, 1283, 1284, 1285, 1286, 1287, 1288, 1289, 1290, 1292, 1293, 1294, 1295, 1296, 1297, 1298, 1299, 1300, 1301, 1302, 1303, 1304, 1305, 1306, 1307, 1308, 1309, 1310, 1311, 1312, 1313, 1315, 1316, 1317, 1318, 1319, 1320, 1321, 1322, 1323, 1324, 1325, 1326, 1327, 1328, 1329, 1330, 1331, 1332, 1333, 1334, 1335, 1336, 1338, 1339, 1340, 1342, 1343, 1344, 1345, 1346, 1347, 1348, 1349, 1350, 1351, 1352, 1353, 1355, 1356, 1357, 1358, 1359, 1360, 1361, 1362, 1363, 1364, 1365, 1366, 1367, 1368, 1369, 1370, 1371, 1372, 1373, 1374, 1375, 1376, 1377, 1378, 1379, 1381, 1382, 1383, 1384, 1385, 1386, 1387, 1388, 1389, 1390, 1391, 1392, 1393, 1394, 1395, 1396, 1397, 1398, 1399, 1400, 1402, 1403, 1404, 1405, 1406, 1407, 1408, 1409, 1410, 1411, 1412, 1413, 1414, 1415, 1416, 1417, 1418, 1419, 1420, 1421, 1422, 1423, 1424, 1425, 1426, 1427, 1428, 1429, 1430, 1431, 1432, 1433, 1435, 1436, 1437, 1438, 1439, 1441, 1442, 1443, 1444, 1445, 1446, 1447, 1448, 1450, 1451, 1452, 1453, 1454, 1455, 1456, 1457, 1458, 1459, 1460, 1461, 1462, 1463, 1464, 1465, 1466, 1467, 1468, 1469, 1470, 1471, 1472, 1473, 1474, 1475, 1476, 1477, 1478, 1479, 1480, 1481, 1482, 1483, 1484, 1485, 1487, 1488, 1489, 1490, 1491, 1492, 1493, 1494, 1495, 1496, 1498, 1499, 1500, 1501, 1502, 1503, 1504, 1505, 1506, 1507, 1508, 1509, 1510, 1511, 1512, 1513, 1514, 1515, 1517, 1518, 1519, 1520, 1521, 1522, 1523, 1524, 1526, 1527, 1528, 1529, 1530, 1531, 1532, 1534, 1535, 1536, 1537, 1538, 1539, 1540, 1541, 1542, 1544, 1545, 1546, 1547, 1549, 1550, 1551, 1553, 1554, 1555, 1556, 1557, 1558, 1559, 1561, 1562, 1563, 1564, 1565, 1566, 1567, 1568, 1569, 1571, 1572, 1573, 1574, 1576, 1577, 1578, 1579, 1580, 1581, 1582, 1583, 1584, 1586, 1587, 1588, 1589, 1590, 1591, 1592, 1593, 1594, 1595, 1596, 1597, 1598, 1599, 1600, 1601, 1602, 1604, 1605, 1606, 1607, 1608, 1609, 1610, 1611, 1612, 1613, 1614, 1616, 1617, 1618, 1619, 1620, 1622, 1623, 1624, 1625, 1626, 1627, 1628, 1629, 1630, 1631, 1632, 1633, 1634, 1635, 1637, 1638, 1639, 1640, 1641, 1642, 1643, 1644, 1645, 1646, 1647, 1648, 1649, 1651, 1652, 1653, 1654, 1655, 1656, 1657, 1658, 1659, 1660, 1662, 1663, 1664, 1665, 1666, 1667, 1668, 1669, 1670, 1671, 1674, 1675, 1676, 1677, 1678, 1679, 1680, 1681, 1682, 1683, 1684, 1685, 1686, 1687, 1688, 1690, 1691, 1692, 1693, 1694, 1695, 1696, 1697, 1698, 1699, 1701, 1702, 1703, 1704, 1705, 1706, 1707, 1709, 1710, 1711, 1712, 1713, 1714, 1715, 1716, 1717, 1718, 1719, 1720, 1721, 1722, 1723, 1724, 1725, 1726, 1727, 1728, 1729, 1730, 1731, 1732, 1733, 1734, 1735, 1736, 1737, 1739, 1740, 1741, 1742, 1743, 1744, 1745, 1746, 1747, 1748, 1749, 1750, 1751, 1752, 1753, 1754, 1756, 1757, 1758, 1759, 1760, 1761, 1762, 1764, 1765, 1766, 1767, 1768, 1769, 1770, 1771, 1772, 1773, 1775, 1776, 1777, 1778, 1779, 1780, 1781, 1782, 1783, 1784, 1785, 1786, 1787, 1788, 1789, 1790, 1791, 1792, 1793, 1794, 1795, 1797, 1798, 1799, 1800, 1801, 1802, 1803, 1804, 1805, 1806, 1807, 1809, 1810, 1811, 1812, 1813, 1814, 1815, 1817, 1818, 1819, 1820, 1821, 1822, 1823, 1824, 1825, 1826, 1827, 1828, 1829, 1830, 1831, 1832, 1833, 1835, 1836, 1837, 1838, 1839, 1841, 1842, 1843, 1844, 1845, 1846, 1847, 1848, 1849, 1850, 1851, 1852, 1853, 1854, 1855, 1856, 1857, 1859, 1860, 1861, 1862, 1863, 1864, 1865, 1866, 1867, 1868, 1869, 1871, 1872, 1873, 1874, 1875, 1876, 1877, 1878, 1879, 1880, 1882, 1883, 1884, 1885, 1886, 1887, 1888, 1889, 1890, 1891, 1892, 1893, 1894, 1895, 1896, 1897, 1898, 1899, 1900, 1901, 1902, 1904, 1906, 1908, 1909, 1910, 1911, 1912, 1913, 1914, 1915, 1916, 1917, 1918, 1919, 1920, 1921, 1923, 1924, 1925, 1926, 1927, 1928, 1929, 1930, 1931, 1932, 1933, 1934, 1935, 1936, 1937, 1938, 1939, 1940, 1941, 1942, 1943, 1944, 1945, 1946, 1947, 1948, 1949, 1950, 1951, 1952, 1953, 1955, 1956, 1957, 1958, 1959, 1960, 1962, 1963, 1964, 1965, 1966, 1967, 1968, 1969, 1970, 1971, 1973, 1974, 1976, 1977, 1978, 1979, 1980, 1981, 1982, 1983, 1984, 1986, 1987, 1988, 1989, 1990, 1991, 1993, 1994, 1995, 1996, 1997, 1998, 1999, 2000, 2001, 2002, 2003, 2004, 2005, 2007, 2008, 2009, 2010, 2011, 2012, 2014, 2015, 2016, 2017, 2018, 2019, 2020, 2021, 2022, 2023, 2024, 2025, 2026, 2027, 2028, 2030, 2031, 2032, 2033, 2034, 2035, 2036, 2037, 2038, 2039, 2040, 2041, 2042, 2043, 2044, 2046, 2047, 2048, 2049, 2050, 2051, 2052, 2053, 2054, 2055, 2056, 2057, 2058, 2059, 2060, 2061, 2063, 2064, 2066, 2067, 2068, 2069, 2070, 2071, 2072, 2073, 2074, 2075, 2076, 2077, 2078, 2080, 2081, 2082, 2083, 2084, 2085, 2086, 2087, 2088, 2089, 2090, 2091, 2092, 2093, 2094, 2095, 2097, 2098, 2099, 2100, 2101, 2102, 2103, 2104, 2105, 2106, 2107, 2108, 2109, 2110, 2111, 2112, 2113, 2114, 2115, 2117, 2118, 2119, 2120, 2121, 2122, 2124, 2125, 2126, 2127, 2128, 2129, 2130, 2132, 2133, 2134, 2135, 2136, 2137, 2138, 2139, 2140, 2142, 2143, 2144, 2145, 2147, 2148, 2149, 2150, 2151, 2153, 2154, 2155, 2156, 2157, 2158, 2159, 2160, 2161, 2162, 2163, 2164, 2165, 2167, 2168, 2169, 2170, 2171, 2172, 2173, 2174, 2175, 2176, 2177, 2178, 2179, 2180, 2181, 2182, 2183, 2184, 2185, 2186, 2187, 2188, 2189, 2190, 2192, 2193, 2194, 2196, 2197, 2198, 2199, 2201, 2202, 2203, 2204, 2205, 2206, 2207, 2208, 2209, 2210, 2211, 2212, 2213, 2214, 2216, 2217, 2218, 2219, 2220, 2221, 2222, 2223, 2224, 2225, 2226, 2227, 2228, 2229, 2230, 2231, 2232, 2233, 2234, 2235, 2236, 2238, 2240, 2242, 2243, 2244, 2245, 2246, 2247, 2248, 2249, 2250, 2251, 2252, 2253, 2254, 2255, 2256, 2257, 2258, 2259, 2260, 2261, 2262, 2264, 2265, 2266, 2267, 2268, 2269, 2270, 2271, 2272, 2273, 2274, 2275, 2276, 2277, 2280, 2281, 2282, 2283, 2285, 2286, 2287, 2288, 2289, 2290, 2291, 2292, 2293, 2294, 2295, 2296, 2297, 2298, 2299, 2300, 2301, 2302, 2303, 2304, 2305, 2306, 2308, 2309, 2310, 2311, 2312, 2313, 2315, 2316, 2317, 2318, 2319, 2320, 2321, 2322, 2323, 2324, 2325, 2326, 2327, 2328, 2329, 2330, 2331, 2332, 2333, 2335, 2337, 2338, 2339, 2340, 2341, 2342, 2343, 2344, 2345, 2346, 2347, 2348, 2349, 2350, 2351, 2352, 2353, 2354, 2355, 2356, 2357, 2358, 2359, 2360, 2361, 2363, 2364, 2365, 2366, 2368, 2369, 2370, 2371, 2372, 2373, 2374, 2375, 2376, 2377, 2378, 2379, 2380, 2381, 2382, 2383, 2384, 2385, 2386, 2388, 2389, 2390, 2391, 2392, 2393, 2395, 2396, 2397, 2398, 2399, 2400, 2401, 2402, 2403, 2404, 2406, 2407, 2408, 2409, 2410, 2411, 2412, 2413, 2414, 2415, 2416, 2417, 2418, 2419, 2421, 2422, 2423, 2424, 2425, 2426, 2427, 2428, 2429, 2430, 2431, 2432, 2433, 2435, 2436, 2437, 2438, 2439, 2440, 2441, 2442, 2443, 2444, 2445, 2447, 2448, 2449, 2450, 2451, 2452, 2453, 2454, 2455, 2456, 2457, 2459, 2460, 2461, 2462, 2463, 2464, 2465, 2466, 2467, 2468, 2469, 2470, 2471, 2472, 2473, 2474, 2475, 2476, 2477, 2478, 2479, 2480, 2482, 2483, 2484, 2485, 2486, 2487, 2488, 2489, 2490, 2492, 2493, 2494, 2496, 2497, 2498, 2499, 2500, 2501, 2502, 2504, 2505, 2506, 2507, 2508, 2509, 2510, 2511, 2512, 2513, 2514, 2515, 2516, 2517, 2518, 2520, 2521, 2522, 2524, 2525, 2526, 2527, 2528, 2529, 2530, 2531, 2532, 2533, 2534, 2536, 2537, 2538, 2539, 2540, 2541, 2542, 2543, 2544, 2545, 2547, 2548, 2549, 2550, 2552, 2553, 2554, 2555, 2556, 2558, 2559, 2560, 2561, 2562, 2563, 2564, 2566, 2567, 2568, 2569, 2570, 2571, 2572, 2573, 2574, 2575, 2576, 2577, 2578, 2579, 2580, 2581, 2582, 2583, 2584, 2586, 2587, 2588, 2589, 2590, 2591, 2592, 2594, 2595, 2596, 2597, 2598, 2599, 2601, 2602, 2603, 2604, 2605, 2606, 2607, 2609, 2610, 2611, 2612, 2613, 2614, 2615, 2616, 2618, 2619, 2620, 2621, 2622, 2623, 2624, 2626, 2627, 2629, 2630, 2631, 2632, 2633, 2634, 2635, 2636, 2637, 2638, 2639, 2640, 2641, 2642, 2643, 2644, 2645, 2646, 2647, 2648, 2649, 2650, 2652, 2653, 2654, 2655, 2656, 2658, 2659, 2660, 2661, 2662, 2663, 2664, 2665, 2667, 2668, 2669, 2670, 2671, 2672, 2673, 2674, 2675, 2676, 2677, 2678, 2679, 2680, 2681, 2682, 2683, 2684, 2685, 2687, 2688, 2689, 2690, 2691, 2693, 2694, 2695, 2696, 2697, 2698, 2699, 2700, 2701, 2703, 2704, 2705, 2706, 2707, 2708, 2709, 2710, 2711, 2712, 2713, 2714, 2715, 2716, 2717, 2718, 2719, 2721, 2722, 2723, 2724, 2725, 2726, 2727, 2728, 2729, 2730, 2731, 2732, 2733, 2734, 2735, 2737, 2738, 2739, 2740, 2741, 2742, 2743, 2744, 2745, 2746, 2747, 2748, 2749, 2751, 2752, 2753, 2754, 2755, 2756, 2757, 2758, 2759, 2760, 2762, 2763, 2764, 2765, 2766, 2768, 2769, 2770, 2771, 2772, 2773, 2774, 2775, 2776, 2777, 2780, 2781, 2782, 2783, 2785, 2786, 2787, 2788, 2789, 2790, 2791, 2792, 2793, 2794, 2795, 2796, 2797, 2798, 2799, 2800, 2801, 2802, 2803, 2804, 2805, 2808, 2809, 2810, 2811, 2812, 2813, 2814, 2816, 2817, 2818, 2819, 2820, 2821, 2822, 2823, 2824, 2825, 2826, 2827, 2828, 2829, 2830, 2831, 2832, 2833, 2835, 2836, 2837, 2838, 2839, 2840, 2842, 2843, 2844, 2845, 2846, 2847, 2849, 2850, 2851, 2852, 2853, 2854, 2855, 2856, 2857, 2858, 2859, 2860, 2861, 2862, 2864, 2865, 2866, 2867, 2868, 2869, 2870, 2871, 2872, 2875, 2876, 2879, 2880, 2881, 2883, 2884, 2885, 2886, 2888, 2889, 2890, 2891, 2892, 2893, 2895, 2896, 2897, 2898, 2899, 2900, 2901, 2902, 2903, 2904, 2905, 2906, 2907, 2908, 2909, 2910, 2912, 2913, 2914, 2915, 2916, 2917, 2918, 2919, 2920, 2921, 2922, 2923, 2924, 2925, 2926, 2927, 2928, 2929, 2930, 2931, 2932, 2934, 2935, 2936, 2937, 2938, 2939, 2940, 2941, 2942, 2943, 2944, 2945, 2946, 2947, 2948, 2950, 2951, 2953, 2954, 2955, 2956, 2957, 2958, 2959, 2960, 2961, 2962, 2963, 2964, 2965, 2966, 2967, 2968, 2969, 2970, 2971, 2972, 2976, 2977, 2978, 2979, 2980, 2981, 2982, 2983, 2984, 2985, 2986, 2987, 2988, 2990, 2991, 2992, 2993, 2994, 2996, 2997, 2998, 2999, 3000, 3001, 3002, 3003, 3004, 3006, 3007, 3008, 3009, 3010, 3011, 3012, 3014, 3016, 3017, 3019, 3020, 3021, 3022, 3023, 3024, 3025, 3026, 3027, 3028, 3029, 3030, 3031, 3033, 3034, 3035, 3036, 3037, 3038, 3039, 3040, 3041, 3043, 3044, 3045, 3046, 3047, 3048, 3049, 3050, 3051, 3052, 3055, 3056, 3057, 3058, 3059, 3060, 3061, 3062, 3063, 3064, 3066, 3067, 3068, 3069, 3072, 3073, 3074, 3075, 3076, 3077, 3078, 3079, 3080, 3081, 3083, 3084, 3085, 3086, 3087, 3088, 3089, 3090, 3091, 3092, 3093, 3094, 3095, 3096, 3097, 3099, 3100, 3101, 3103, 3104, 3105, 3106, 3107, 3108, 3109, 3110, 3111, 3112, 3113, 3114, 3115, 3116, 3117, 3118, 3119, 3120, 3121, 3122, 3123, 3124, 3125, 3127, 3128, 3130, 3131, 3132, 3133, 3134, 3135, 3136, 3137, 3138, 3139, 3140, 3142, 3143, 3144, 3145, 3146, 3147, 3148, 3149, 3150, 3151, 3152, 3153, 3155, 3158, 3159, 3160, 3161, 3162, 3163, 3164, 3165, 3166, 3167, 3168, 3169, 3170, 3171, 3172, 3173, 3175, 3176, 3177, 3181, 3182, 3183, 3184, 3185, 3187, 3188, 3189, 3190, 3191, 3193, 3194, 3195, 3196, 3197, 3198, 3200, 3201, 3202, 3203, 3204, 3205, 3206, 3207, 3208, 3209, 3210, 3211, 3212, 3214, 3215, 3216, 3217, 3218, 3219, 3220, 3222, 3223, 3224, 3225, 3226, 3227, 3228, 3229, 3230, 3231, 3232, 3233, 3234, 3236, 3237, 3238, 3239, 3240, 3241, 3242, 3243, 3244, 3246, 3247, 3249, 3250, 3251, 3252, 3254, 3255, 3256, 3257, 3259, 3260, 3261, 3263, 3264, 3265, 3266, 3267, 3270, 3271, 3272, 3273, 3274, 3275, 3276, 3277, 3278, 3279, 3280, 3281, 3282, 3283, 3284, 3285, 3286, 3288, 3289, 3290, 3292, 3293, 3294, 3295, 3296, 3297, 3298, 3299, 3301, 3302, 3303, 3304, 3308, 3310, 3311, 3313, 3314, 3315, 3317, 3318, 3319, 3320, 3321, 3322, 3324, 3325, 3326, 3327, 3328, 3330, 3331, 3332, 3333, 3334, 3335, 3336, 3337, 3338, 3339, 3341, 3342, 3343, 3345, 3346, 3347, 3348, 3349, 3351, 3352, 3353, 3355, 3356, 3357, 3358, 3359, 3360, 3361, 3362, 3363, 3364, 3368, 3369, 3370, 3371, 3372, 3373, 3375, 3377, 3378, 3379, 3380, 3381, 3383, 3384, 3385, 3388, 3389, 3390, 3392, 3393, 3394, 3395, 3396, 3397, 3398, 3399, 3400, 3401, 3403, 3404, 3406, 3408, 3409, 3410, 3411, 3412, 3413, 3414, 3415, 3416, 3418, 3419, 3420, 3421, 3422, 3424, 3425, 3426, 3427, 3428, 3429, 3430, 3431, 3432, 3433, 3434, 3436, 3437, 3438, 3439, 3440, 3442, 3443, 3444, 3445, 3447, 3448, 3449, 3450, 3451, 3452, 3453, 3454, 3455, 3456, 3457, 3458, 3459, 3460, 3463, 3464, 3467, 3469, 3470, 3471, 3474, 3475, 3476, 3477, 3478, 3481, 3482, 3484, 3485, 3486, 3487, 3489, 3490, 3491, 3492, 3493, 3495, 3496, 3497, 3500, 3501, 3505, 3506, 3508, 3509, 3510, 3511, 3512, 3513, 3515, 3516, 3517, 3519, 3520, 3521, 3522, 3523, 3524, 3526, 3528, 3529, 3530, 3531, 3532, 3533, 3534, 3535, 3536, 3538, 3539, 3540, 3541, 3545, 3546, 3547, 3549, 3550, 3551, 3552, 3553, 3554, 3555, 3556, 3557, 3559, 3560, 3561, 3562, 3563, 3566, 3567, 3569, 3570, 3571, 3572, 3573, 3574, 3575, 3576, 3577, 3579, 3580, 3581, 3583, 3585, 3586, 3587, 3588, 3592, 3594, 3595, 3598, 3599, 3600, 3601, 3602, 3606, 3608, 3609, 3610, 3612, 3614, 3615, 3616, 3617, 3618, 3619, 3620, 3621, 3623, 3624, 3625, 3628, 3630, 3631, 3632, 3633, 3634, 3635, 3636, 3637, 3638, 3639, 3640, 3642, 3643, 3646, 3647, 3649, 3651, 3652, 3653, 3654, 3655, 3656, 3658, 3659, 3661, 3662, 3663, 3665, 3666, 3667, 3668, 3669, 3670, 3671, 3672, 3673, 3674, 3675, 3676, 3678, 3680, 3682, 3685, 3686, 3688, 3689, 3691, 3692, 3693, 3694, 3695, 3698, 3700, 3701, 3702, 3703, 3704, 3705, 3710, 3712, 3713, 3714, 3716, 3717, 3718, 3719, 3721, 3722, 3723, 3724, 3726, 3727, 3728, 3729, 3730, 3732, 3735, 3737, 3738, 3739, 3742, 3743, 3744, 3745, 3746, 3748, 3750, 3751, 3752, 3753, 3754, 3755, 3757, 3758, 3759, 3762, 3764, 3765, 3767, 3770, 3772, 3773, 3775, 3776, 3777, 3778, 3784, 3785, 3786, 3791, 3793, 3796, 3797, 3798, 3799, 3801, 3802, 3803, 3804, 3806, 3807, 3809, 3810, 3813, 3819, 3820, 3821, 3822, 3823, 3824, 3825, 3826, 3827, 3830, 3831, 3832, 3835, 3836, 3837, 3838, 3839, 3841, 3842, 3844, 3846, 3847, 3849, 3850, 3851, 3853, 3854, 3855, 3856, 3857, 3858, 3859, 3862, 3863, 3864, 3865, 3866, 3872, 3874, 3875, 3876, 3877, 3879, 3882, 3884, 3885, 3886, 3887, 3888, 3889, 3892, 3894, 3895, 3896, 3897, 3899, 3900, 3901, 3904, 3907, 3908, 3909, 3910, 3911, 3912, 3915, 3916, 3917, 3918, 3919, 3921, 3922, 3923, 3924, 3925, 3927, 3928, 3929, 3930, 3931, 3932, 3933, 3934, 3935, 3936, 3937, 3938, 3939, 3940, 3941, 3942, 3943, 3944, 3945, 3946, 3947, 3948, 3949, 3950, 3951, 3952, 3953, 3954, 3955, 3956, 3957, 3958, 3959, 3960, 3961, 3962, 3963, 3964, 3965, 3966, 3967, 3968, 3969, 3970, 3971, 3972, 3973, 3974, 3975, 3976, 3977, 3978, 3979, 3980, 3981, 3982, 3983, 3984, 3985, 3986, 3987, 3988, 3989, 3990, 3991, 3992, 3993, 3994, 3995, 3996, 3997, 3998, 3999, 4000, 4001, 4002, 4003, 4004, 4005, 4006, 4007, 4008, 4009, 4010, 4011, 4012, 4013, 4014, 4015, 4016, 4017, 4018, 4019, 4020, 4021, 4022, 4023, 4024, 4025, 4026, 4027, 4028, 4029, 4030, 4032, 4033, 4034, 4035, 4036, 4037, 4038, 4039, 4041, 4043, 4044, 4045, 4046, 4047, 4048, 4050, 4053, 4057, 4058, 4059, 4061, 4064, 4067, 4068, 4069, 4072, 4073, 4077, 4079, 4080, 4083, 4085, 4086, 4088, 4089, 4091, 4092, 4095, 4096, 4097, 4099, 4101, 4103, 4104, 4105, 4106, 4113, 4118, 4119, 4124, 4125, 4127, 4132, 4134, 4135, 4136, 4137, 4138, 4151, 4152, 4153, 4163, 4172, 4177, 4179, 4181, 4184, 4185, 4186, 4187, 4190, 4192, 4193, 4196, 4205, 4207, 4210, 4217, 4220, 4221, 4222, 4225, 4231, 4233, 4239, 5357, 5360, 5363, 5365, 5366, 7374, 7385, 7386, 7388, 7391, 7393, 7396, 7397, 7398, 7402, 7403, 7413, 7414, 7415, 7417, 7418, 7422, 7426, 7430, 7434, 7436, 7437, 7439, 7440, 7441, 7443, 7444, 7447, 7450, 7453, 7455, 7458, 7464, 7465, 7468, 7472, 7473, 7476, 7479, 7480, 7482, 7484, 7485, 7487, 7489, 7490, 7491, 7493, 7494, 7495, 7496, 7497, 7499, 7501, 7502, 7503, 7505, 7506, 7508, 7509, 7513, 7515, 7516, 7517, 7519, 7521, 7523, 7524, 7525, 7526, 7527, 7530, 7531, 7532, 7533, 7534, 7535, 7536, 7537, 7538, 7540, 7541, 7544, 7547, 7548, 7549, 7550, 7556, 7557, 7558, 7560, 7561, 7562, 7563, 7564, 7568, 7569, 7570, 7571, 7572, 7574, 7576, 7577, 7578, 7579, 7581, 7582, 7583, 7585, 7586, 7587, 7588, 7592, 7593, 7594, 7595, 7599, 7600, 7601, 7604, 7605, 7608, 7609, 7610, 7611, 7615, 7617, 7618, 7619, 7620, 7623, 7624, 7626, 7628, 7629, 7630, 7634, 7635, 7636, 7637, 7638, 7639, 7640, 7642, 7643, 7644, 7645, 7647, 7648, 7649, 7650, 7651, 7653, 7655, 7658, 7659, 7663, 7664, 7665, 7666, 7668, 7669, 7670, 7671, 7672, 7673, 7674, 7675, 7676, 7678, 7679, 7682, 7683, 7684, 7686, 7687, 7691, 7692, 7693, 7694, 7696, 7697, 7699, 7702, 7706, 7707, 7708, 7709, 7710, 7713, 7714, 7715, 7717, 7723, 7725, 7728, 7729, 7731, 7732, 7733, 7734, 7735, 7738, 7739, 7740, 7741, 7742, 7743, 7744, 7747, 7748, 7751, 7752, 7756, 7758, 7759, 7760, 7761, 7764, 7765, 7766, 7767, 7768, 7769, 7771, 7772, 7774, 7775, 7776, 7778, 7779, 7780, 7782, 7783, 7784, 7785, 7786, 7787, 7791, 7792, 7794, 7795, 7797, 7799, 7800, 7801, 7802, 7803, 7804, 7808, 7811, 7812, 7813, 7814, 7815, 7816, 7817, 7819, 7823, 7825, 7826, 7827, 7828, 7829, 7831, 7832, 7833, 7835, 7837, 7839, 7840, 7842, 7845, 7846, 7852, 7856, 7862, 7863, 7865, 7866, 7867, 7870, 7871, 7872, 7873, 7874, 7876, 7881, 7883, 7886, 7888, 7889, 7890, 7893, 7895, 7898, 7901, 7906, 7910, 7915, 7919, 7922, 7939, 8594, 8598, 8606, 8613, 8618, 8624, 8756, 8760, 8765, 8766, 8767, 8794, 8799, 8803, 8809, 8810, 8811, 8814, 8822, 8824, 8830, 8911, 8912, 8916, 8917, 8918, 8920, 8921, 8924, 8927, 8929, 8932, 8933, 8935, 8936, 8937, 8938, 8942, 8944, 8948, 8949, 8950, 8951, 8953, 8957, 8961, 8962, 8968, 8969, 8970, 8971, 8972, 8973, 8976, 8978, 8981, 8982, 8983, 8984, 8985, 8986, 8988, 8989, 8991, 8993, 8994, 8997, 8998, 8999, 9000, 9001, 9002, 9009, 9010, 9014, 9015, 9016, 9018, 9021, 9025, 9026, 9027, 9029, 9031, 9032, 9033, 9036, 9037, 9039, 9040, 9045, 9046, 9047, 9048, 9049, 9051, 9053, 9054, 9055, 9057, 9060, 9061, 9062, 9064, 9066, 9067, 9068, 9070, 9072, 9073, 9089, 9090, 9093, 9095, 9098, 9105, 9106, 9108, 9113, 9114, 9115, 9117, 9119, 9120, 9121, 9130, 9131, 9133, 9148, 9229, 9289, 9290, 9297, 9301, 9303, 9305, 9312, 9313, 9318, 9324, 9326, 9328, 9332, 9336, 9337, 9339, 9351, 9362, 9369, 9376, 9382, 9393, 9395, 9405, 9409, 9418, 9419, 9428, 9436, 9458, 9470, 9482, 
</system-out>
    <system-err>Starting NO_ACK
SUCCESS:1000
SUCCESS:2000
SUCCESS:3000
SUCCESS:4000
SUCCESS:5000
Finished NO_ACK [5922]
</system-err>
  </testcase>
  <testcase classname="org.apache.catalina.tribes.test.channel.TestUdpPackages" name="testDataSendACK" time="4.618"/>
  <testcase classname="org.apache.catalina.tribes.test.channel.TestUdpPackages" name="testDataSendASYNC" time="9.286">
    <failure message="Checking success messages. expected:&lt;500&gt; but was:&lt;142&gt;" type="java.lang.AssertionError">java.lang.AssertionError: Checking success messages. expected:&lt;500&gt; but was:&lt;142&gt;
	at org.junit.Assert.fail(Assert.java:88)
	at org.junit.Assert.failNotEquals(Assert.java:834)
	at org.junit.Assert.assertEquals(Assert.java:645)
	at org.apache.catalina.tribes.test.channel.TestUdpPackages.testDataSendASYNC(TestUdpPackages.java:211)
	at java.base/jdk.internal.reflect.NativeMethodAccessorImpl.invoke0(Native Method)
	at java.base/jdk.internal.reflect.NativeMethodAccessorImpl.invoke(NativeMethodAccessorImpl.java:64)
	at java.base/jdk.internal.reflect.DelegatingMethodAccessorImpl.invoke(DelegatingMethodAccessorImpl.java:43)
	at java.base/java.lang.reflect.Method.invoke(Method.java:564)
	at org.junit.runners.model.FrameworkMethod$1.runReflectiveCall(FrameworkMethod.java:50)
	at org.junit.internal.runners.model.ReflectiveCallable.run(ReflectiveCallable.java:12)
	at org.junit.runners.model.FrameworkMethod.invokeExplosively(FrameworkMethod.java:47)
	at org.junit.internal.runners.statements.InvokeMethod.evaluate(InvokeMethod.java:17)
	at org.junit.internal.runners.statements.RunBefores.evaluate(RunBefores.java:26)
	at org.junit.internal.runners.statements.RunAfters.evaluate(RunAfters.java:27)
	at org.junit.runners.ParentRunner.runLeaf(ParentRunner.java:325)
	at org.junit.runners.BlockJUnit4ClassRunner.runChild(BlockJUnit4ClassRunner.java:78)
	at org.junit.runners.BlockJUnit4ClassRunner.runChild(BlockJUnit4ClassRunner.java:57)
	at org.junit.runners.ParentRunner$3.run(ParentRunner.java:290)
	at org.junit.runners.ParentRunner$1.schedule(ParentRunner.java:71)
	at org.junit.runners.ParentRunner.runChildren(ParentRunner.java:288)
	at org.junit.runners.ParentRunner.access$000(ParentRunner.java:58)
	at org.junit.runners.ParentRunner$2.evaluate(ParentRunner.java:268)
	at org.junit.runners.ParentRunner.run(ParentRunner.java:363)
	at org.apache.maven.surefire.junit4.JUnit4Provider.execute(JUnit4Provider.java:252)
	at org.apache.maven.surefire.junit4.JUnit4Provider.executeTestSet(JUnit4Provider.java:141)
	at org.apache.maven.surefire.junit4.JUnit4Provider.invoke(JUnit4Provider.java:112)
	at java.base/jdk.internal.reflect.NativeMethodAccessorImpl.invoke0(Native Method)
	at java.base/jdk.internal.reflect.NativeMethodAccessorImpl.invoke(NativeMethodAccessorImpl.java:64)
	at java.base/jdk.internal.reflect.DelegatingMethodAccessorImpl.invoke(DelegatingMethodAccessorImpl.java:43)
	at java.base/java.lang.reflect.Method.invoke(Method.java:564)
	at org.apache.maven.surefire.util.ReflectionUtils.invokeMethodWithArray(ReflectionUtils.java:189)
	at org.apache.maven.surefire.booter.ProviderFactory$ProviderProxy.invoke(ProviderFactory.java:165)
	at org.apache.maven.surefire.booter.ProviderFactory.invokeProvider(ProviderFactory.java:85)
	at org.apache.maven.surefire.booter.ForkedBooter.runSuitesInProcess(ForkedBooter.java:115)
	at org.apache.maven.surefire.booter.ForkedBooter.main(ForkedBooter.java:75)
</failure>
    <system-err>Starting ASYNC
Finished ASYNC
</system-err>
  </testcase>
  <testcase classname="org.apache.catalina.tribes.test.channel.TestUdpPackages" name="testDataSendSYNCACK" time="4.632"/>
  <testcase classname="org.apache.catalina.tribes.test.channel.TestUdpPackages" name="testSingleDataSendNO_ACK" time="4.268">
    <error message="java.lang.IllegalArgumentException: timeout &lt; 0; No faulty members identified." type="org.apache.catalina.tribes.ChannelException">org.apache.catalina.tribes.ChannelException: java.lang.IllegalArgumentException: timeout &lt; 0; No faulty members identified.
	at org.apache.catalina.tribes.group.GroupChannel.send(GroupChannel.java:291)
	at org.apache.catalina.tribes.group.GroupChannel.send(GroupChannel.java:231)
	at org.apache.catalina.tribes.test.channel.TestUdpPackages.testSingleDataSendNO_ACK(TestUdpPackages.java:90)
	at java.base/jdk.internal.reflect.NativeMethodAccessorImpl.invoke0(Native Method)
	at java.base/jdk.internal.reflect.NativeMethodAccessorImpl.invoke(NativeMethodAccessorImpl.java:64)
	at java.base/jdk.internal.reflect.DelegatingMethodAccessorImpl.invoke(DelegatingMethodAccessorImpl.java:43)
	at java.base/java.lang.reflect.Method.invoke(Method.java:564)
	at org.junit.runners.model.FrameworkMethod$1.runReflectiveCall(FrameworkMethod.java:50)
	at org.junit.internal.runners.model.ReflectiveCallable.run(ReflectiveCallable.java:12)
	at org.junit.runners.model.FrameworkMethod.invokeExplosively(FrameworkMethod.java:47)
	at org.junit.internal.runners.statements.InvokeMethod.evaluate(InvokeMethod.java:17)
	at org.junit.internal.runners.statements.RunBefores.evaluate(RunBefores.java:26)
	at org.junit.internal.runners.statements.RunAfters.evaluate(RunAfters.java:27)
	at org.junit.runners.ParentRunner.runLeaf(ParentRunner.java:325)
	at org.junit.runners.BlockJUnit4ClassRunner.runChild(BlockJUnit4ClassRunner.java:78)
	at org.junit.runners.BlockJUnit4ClassRunner.runChild(BlockJUnit4ClassRunner.java:57)
	at org.junit.runners.ParentRunner$3.run(ParentRunner.java:290)
	at org.junit.runners.ParentRunner$1.schedule(ParentRunner.java:71)
	at org.junit.runners.ParentRunner.runChildren(ParentRunner.java:288)
	at org.junit.runners.ParentRunner.access$000(ParentRunner.java:58)
	at org.junit.runners.ParentRunner$2.evaluate(ParentRunner.java:268)
	at org.junit.runners.ParentRunner.run(ParentRunner.java:363)
	at org.apache.maven.surefire.junit4.JUnit4Provider.execute(JUnit4Provider.java:252)
	at org.apache.maven.surefire.junit4.JUnit4Provider.executeTestSet(JUnit4Provider.java:141)
	at org.apache.maven.surefire.junit4.JUnit4Provider.invoke(JUnit4Provider.java:112)
	at java.base/jdk.internal.reflect.NativeMethodAccessorImpl.invoke0(Native Method)
	at java.base/jdk.internal.reflect.NativeMethodAccessorImpl.invoke(NativeMethodAccessorImpl.java:64)
	at java.base/jdk.internal.reflect.DelegatingMethodAccessorImpl.invoke(DelegatingMethodAccessorImpl.java:43)
	at java.base/java.lang.reflect.Method.invoke(Method.java:564)
	at org.apache.maven.surefire.util.ReflectionUtils.invokeMethodWithArray(ReflectionUtils.java:189)
	at org.apache.maven.surefire.booter.ProviderFactory$ProviderProxy.invoke(ProviderFactory.java:165)
	at org.apache.maven.surefire.booter.ProviderFactory.invokeProvider(ProviderFactory.java:85)
	at org.apache.maven.surefire.booter.ForkedBooter.runSuitesInProcess(ForkedBooter.java:115)
	at org.apache.maven.surefire.booter.ForkedBooter.main(ForkedBooter.java:75)
Caused by: java.lang.IllegalArgumentException: timeout &lt; 0
	at java.base/sun.nio.ch.DatagramSocketAdaptor.setSoTimeout(DatagramSocketAdaptor.java:294)
	at org.apache.catalina.tribes.transport.nio.NioSender.configureSocket(NioSender.java:157)
	at org.apache.catalina.tribes.transport.nio.NioSender.connect(NioSender.java:259)
	at org.apache.catalina.tribes.transport.nio.ParallelNioSender.connect(ParallelNioSender.java:255)
	at org.apache.catalina.tribes.transport.nio.ParallelNioSender.sendMessage(ParallelNioSender.java:66)
	at org.apache.catalina.tribes.transport.nio.PooledParallelSender.sendMessage(PooledParallelSender.java:51)
	at org.apache.catalina.tribes.transport.ReplicationTransmitter.sendMessage(ReplicationTransmitter.java:65)
	at org.apache.catalina.tribes.group.ChannelCoordinator.sendMessage(ChannelCoordinator.java:83)
	at org.apache.catalina.tribes.group.ChannelInterceptorBase.sendMessage(ChannelInterceptorBase.java:89)
	at org.apache.catalina.tribes.group.ChannelInterceptorBase.sendMessage(ChannelInterceptorBase.java:89)
	at org.apache.catalina.tribes.group.interceptors.MessageDispatchInterceptor.sendMessage(MessageDispatchInterceptor.java:93)
	at org.apache.catalina.tribes.group.ChannelInterceptorBase.sendMessage(ChannelInterceptorBase.java:89)
	at org.apache.catalina.tribes.group.GroupChannel.send(GroupChannel.java:280)
	... 33 more
</error>
    <system-err>Starting Single package NO_ACK
</system-err>
  </testcase>
</testsuite>