<?xml version="1.0" encoding="UTF-8" ?>
<testsuite tests="64" failures="0" name="org.apache.catalina.valves.TestLoadBalancerDrainingValve" time="0.027" errors="0" skipped="0">
  <properties>
[...]
</properties>
  <testcase classname="org.apache.catalina.valves.TestLoadBalancerDrainingValve" name="runValve[0: activation[ACT], validSessionID[true], expectInvokeNext[true], enableIgnore[true], queryString[null]]" time="0.009"/>
  <testcase classname="org.apache.catalina.valves.TestLoadBalancerDrainingValve" name="runValve[1: activation[ACT], validSessionID[true], expectInvokeNext[true], enableIgnore[true], queryString[null]]" time="0"/>
  <testcase classname="org.apache.catalina.valves.TestLoadBalancerDrainingValve" name="runValve[2: activation[ACT], validSessionID[true], expectInvokeNext[true], enableIgnore[true], queryString[null]]" time="0"/>
  <testcase classname="org.apache.catalina.valves.TestLoadBalancerDrainingValve" name="runValve[3: activation[ACT], validSessionID[true], expectInvokeNext[true], enableIgnore[true], queryString[null]]" time="0.001"/>
  <testcase classname="org.apache.catalina.valves.TestLoadBalancerDrainingValve" name="runValve[4: activation[ACT], validSessionID[true], expectInvokeNext[true], enableIgnore[true], queryString[foo=bar]]" time="0"/>
  <testcase classname="org.apache.catalina.valves.TestLoadBalancerDrainingValve" name="runValve[5: activation[ACT], validSessionID[true], expectInvokeNext[true], enableIgnore[true], queryString[foo=bar]]" time="0"/>
  <testcase classname="org.apache.catalina.valves.TestLoadBalancerDrainingValve" name="runValve[6: activation[ACT], validSessionID[true], expectInvokeNext[true], enableIgnore[true], queryString[foo=bar]]" time="0"/>
  <testcase classname="org.apache.catalina.valves.TestLoadBalancerDrainingValve" name="runValve[7: activation[ACT], validSessionID[true], expectInvokeNext[true], enableIgnore[true], queryString[foo=bar]]" time="0"/>
  <testcase classname="org.apache.catalina.valves.TestLoadBalancerDrainingValve" name="runValve[8: activation[ACT], validSessionID[true], expectInvokeNext[true], enableIgnore[false], queryString[null]]" time="0.001"/>
  <testcase classname="org.apache.catalina.valves.TestLoadBalancerDrainingValve" name="runValve[9: activation[ACT], validSessionID[true], expectInvokeNext[true], enableIgnore[false], queryString[null]]" time="0"/>
  <testcase classname="org.apache.catalina.valves.TestLoadBalancerDrainingValve" name="runValve[10: activation[ACT], validSessionID[true], expectInvokeNext[true], enableIgnore[false], queryString[null]]" time="0.001"/>
  <testcase classname="org.apache.catalina.valves.TestLoadBalancerDrainingValve" name="runValve[11: activation[ACT], validSessionID[true], expectInvokeNext[true], enableIgnore[false], queryString[null]]" time="0"/>
  <testcase classname="org.apache.catalina.valves.TestLoadBalancerDrainingValve" name="runValve[12: activation[ACT], validSessionID[true], expectInvokeNext[true], enableIgnore[false], queryString[foo=bar]]" time="0"/>
  <testcase classname="org.apache.catalina.valves.TestLoadBalancerDrainingValve" name="runValve[13: activation[ACT], validSessionID[true], expectInvokeNext[true], enableIgnore[false], queryString[foo=bar]]" time="0.001"/>
  <testcase classname="org.apache.catalina.valves.TestLoadBalancerDrainingValve" name="runValve[14: activation[ACT], validSessionID[true], expectInvokeNext[true], enableIgnore[false], queryString[foo=bar]]" time="0"/>
  <testcase classname="org.apache.catalina.valves.TestLoadBalancerDrainingValve" name="runValve[15: activation[ACT], validSessionID[true], expectInvokeNext[true], enableIgnore[false], queryString[foo=bar]]" time="0.001"/>
  <testcase classname="org.apache.catalina.valves.TestLoadBalancerDrainingValve" name="runValve[16: activation[ACT], validSessionID[false], expectInvokeNext[true], enableIgnore[true], queryString[null]]" time="0"/>
  <testcase classname="org.apache.catalina.valves.TestLoadBalancerDrainingValve" name="runValve[17: activation[ACT], validSessionID[false], expectInvokeNext[true], enableIgnore[true], queryString[null]]" time="0"/>
  <testcase classname="org.apache.catalina.valves.TestLoadBalancerDrainingValve" name="runValve[18: activation[ACT], validSessionID[false], expectInvokeNext[true], enableIgnore[true], queryString[null]]" time="0.001"/>
  <testcase classname="org.apache.catalina.valves.TestLoadBalancerDrainingValve" name="runValve[19: activation[ACT], validSessionID[false], expectInvokeNext[true], enableIgnore[true], queryString[null]]" time="0"/>
  <testcase classname="org.apache.catalina.valves.TestLoadBalancerDrainingValve" name="runValve[20: activation[ACT], validSessionID[false], expectInvokeNext[true], enableIgnore[true], queryString[foo=bar]]" time="0"/>
  <testcase classname="org.apache.catalina.valves.TestLoadBalancerDrainingValve" name="runValve[21: activation[ACT], validSessionID[false], expectInvokeNext[true], enableIgnore[true], queryString[foo=bar]]" time="0"/>
  <testcase classname="org.apache.catalina.valves.TestLoadBalancerDrainingValve" name="runValve[22: activation[ACT], validSessionID[false], expectInvokeNext[true], enableIgnore[true], queryString[foo=bar]]" time="0"/>
  <testcase classname="org.apache.catalina.valves.TestLoadBalancerDrainingValve" name="runValve[23: activation[ACT], validSessionID[false], expectInvokeNext[true], enableIgnore[true], queryString[foo=bar]]" time="0"/>
  <testcase classname="org.apache.catalina.valves.TestLoadBalancerDrainingValve" name="runValve[24: activation[ACT], validSessionID[false], expectInvokeNext[true], enableIgnore[false], queryString[null]]" time="0"/>
  <testcase classname="org.apache.catalina.valves.TestLoadBalancerDrainingValve" name="runValve[25: activation[ACT], validSessionID[false], expectInvokeNext[true], enableIgnore[false], queryString[null]]" time="0"/>
  <testcase classname="org.apache.catalina.valves.TestLoadBalancerDrainingValve" name="runValve[26: activation[ACT], validSessionID[false], expectInvokeNext[true], enableIgnore[false], queryString[null]]" time="0"/>
  <testcase classname="org.apache.catalina.valves.TestLoadBalancerDrainingValve" name="runValve[27: activation[ACT], validSessionID[false], expectInvokeNext[true], enableIgnore[false], queryString[null]]" time="0.001"/>
  <testcase classname="org.apache.catalina.valves.TestLoadBalancerDrainingValve" name="runValve[28: activation[ACT], validSessionID[false], expectInvokeNext[true], enableIgnore[false], queryString[foo=bar]]" time="0"/>
  <testcase classname="org.apache.catalina.valves.TestLoadBalancerDrainingValve" name="runValve[29: activation[ACT], validSessionID[false], expectInvokeNext[true], enableIgnore[false], queryString[foo=bar]]" time="0"/>
  <testcase classname="org.apache.catalina.valves.TestLoadBalancerDrainingValve" name="runValve[30: activation[ACT], validSessionID[false], expectInvokeNext[true], enableIgnore[false], queryString[foo=bar]]" time="0"/>
  <testcase classname="org.apache.catalina.valves.TestLoadBalancerDrainingValve" name="runValve[31: activation[ACT], validSessionID[false], expectInvokeNext[true], enableIgnore[false], queryString[foo=bar]]" time="0"/>
  <testcase classname="org.apache.catalina.valves.TestLoadBalancerDrainingValve" name="runValve[32: activation[DIS], validSessionID[true], expectInvokeNext[true], enableIgnore[true], queryString[null]]" time="0"/>
  <testcase classname="org.apache.catalina.valves.TestLoadBalancerDrainingValve" name="runValve[33: activation[DIS], validSessionID[true], expectInvokeNext[true], enableIgnore[true], queryString[null]]" time="0.001"/>
  <testcase classname="org.apache.catalina.valves.TestLoadBalancerDrainingValve" name="runValve[34: activation[DIS], validSessionID[true], expectInvokeNext[true], enableIgnore[true], queryString[null]]" time="0"/>
  <testcase classname="org.apache.catalina.valves.TestLoadBalancerDrainingValve" name="runValve[35: activation[DIS], validSessionID[true], expectInvokeNext[true], enableIgnore[true], queryString[null]]" time="0.001"/>
  <testcase classname="org.apache.catalina.valves.TestLoadBalancerDrainingValve" name="runValve[36: activation[DIS], validSessionID[true], expectInvokeNext[true], enableIgnore[true], queryString[foo=bar]]" time="0"/>
  <testcase classname="org.apache.catalina.valves.TestLoadBalancerDrainingValve" name="runValve[37: activation[DIS], validSessionID[true], expectInvokeNext[true], enableIgnore[true], queryString[foo=bar]]" time="0.001"/>
  <testcase classname="org.apache.catalina.valves.TestLoadBalancerDrainingValve" name="runValve[38: activation[DIS], validSessionID[true], expectInvokeNext[true], enableIgnore[true], queryString[foo=bar]]" time="0"/>
  <testcase classname="org.apache.catalina.valves.TestLoadBalancerDrainingValve" name="runValve[39: activation[DIS], validSessionID[true], expectInvokeNext[true], enableIgnore[true], queryString[foo=bar]]" time="0"/>
  <testcase classname="org.apache.catalina.valves.TestLoadBalancerDrainingValve" name="runValve[40: activation[DIS], validSessionID[true], expectInvokeNext[true], enableIgnore[false], queryString[null]]" time="0.001"/>
  <testcase classname="org.apache.catalina.valves.TestLoadBalancerDrainingValve" name="runValve[41: activation[DIS], validSessionID[true], expectInvokeNext[true], enableIgnore[false], queryString[null]]" time="0"/>
  <testcase classname="org.apache.catalina.valves.TestLoadBalancerDrainingValve" name="runValve[42: activation[DIS], validSessionID[true], expectInvokeNext[true], enableIgnore[false], queryString[null]]" time="0.001"/>
  <testcase classname="org.apache.catalina.valves.TestLoadBalancerDrainingValve" name="runValve[43: activation[DIS], validSessionID[true], expectInvokeNext[true], enableIgnore[false], queryString[null]]" time="0"/>
  <testcase classname="org.apache.catalina.valves.TestLoadBalancerDrainingValve" name="runValve[44: activation[DIS], validSessionID[true], expectInvokeNext[true], enableIgnore[false], queryString[foo=bar]]" time="0"/>
  <testcase classname="org.apache.catalina.valves.TestLoadBalancerDrainingValve" name="runValve[45: activation[DIS], validSessionID[true], expectInvokeNext[true], enableIgnore[false], queryString[foo=bar]]" time="0"/>
  <testcase classname="org.apache.catalina.valves.TestLoadBalancerDrainingValve" name="runValve[46: activation[DIS], validSessionID[true], expectInvokeNext[true], enableIgnore[false], queryString[foo=bar]]" time="0"/>
  <testcase classname="org.apache.catalina.valves.TestLoadBalancerDrainingValve" name="runValve[47: activation[DIS], validSessionID[true], expectInvokeNext[true], enableIgnore[false], queryString[foo=bar]]" time="0.001"/>
  <testcase classname="org.apache.catalina.valves.TestLoadBalancerDrainingValve" name="runValve[48: activation[DIS], validSessionID[false], expectInvokeNext[true], enableIgnore[true], queryString[null]]" time="0"/>
  <testcase classname="org.apache.catalina.valves.TestLoadBalancerDrainingValve" name="runValve[49: activation[DIS], validSessionID[false], expectInvokeNext[true], enableIgnore[true], queryString[null]]" time="0"/>
  <testcase classname="org.apache.catalina.valves.TestLoadBalancerDrainingValve" name="runValve[50: activation[DIS], validSessionID[false], expectInvokeNext[true], enableIgnore[true], queryString[null]]" time="0.001"/>
  <testcase classname="org.apache.catalina.valves.TestLoadBalancerDrainingValve" name="runValve[51: activation[DIS], validSessionID[false], expectInvokeNext[true], enableIgnore[true], queryString[null]]" time="0"/>
  <testcase classname="org.apache.catalina.valves.TestLoadBalancerDrainingValve" name="runValve[52: activation[DIS], validSessionID[false], expectInvokeNext[true], enableIgnore[true], queryString[foo=bar]]" time="0"/>
  <testcase classname="org.apache.catalina.valves.TestLoadBalancerDrainingValve" name="runValve[53: activation[DIS], validSessionID[false], expectInvokeNext[true], enableIgnore[true], queryString[foo=bar]]" time="0.001"/>
  <testcase classname="org.apache.catalina.valves.TestLoadBalancerDrainingValve" name="runValve[54: activation[DIS], validSessionID[false], expectInvokeNext[true], enableIgnore[true], queryString[foo=bar]]" time="0"/>
  <testcase classname="org.apache.catalina.valves.TestLoadBalancerDrainingValve" name="runValve[55: activation[DIS], validSessionID[false], expectInvokeNext[true], enableIgnore[true], queryString[foo=bar]]" time="0.001"/>
  <testcase classname="org.apache.catalina.valves.TestLoadBalancerDrainingValve" name="runValve[56: activation[DIS], validSessionID[false], expectInvokeNext[false], enableIgnore[false], queryString[null]]" time="0"/>
  <testcase classname="org.apache.catalina.valves.TestLoadBalancerDrainingValve" name="runValve[57: activation[DIS], validSessionID[false], expectInvokeNext[false], enableIgnore[false], queryString[null]]" time="0.001"/>
  <testcase classname="org.apache.catalina.valves.TestLoadBalancerDrainingValve" name="runValve[58: activation[DIS], validSessionID[false], expectInvokeNext[false], enableIgnore[false], queryString[null]]" time="0"/>
  <testcase classname="org.apache.catalina.valves.TestLoadBalancerDrainingValve" name="runValve[59: activation[DIS], validSessionID[false], expectInvokeNext[false], enableIgnore[false], queryString[null]]" time="0"/>
  <testcase classname="org.apache.catalina.valves.TestLoadBalancerDrainingValve" name="runValve[60: activation[DIS], validSessionID[false], expectInvokeNext[false], enableIgnore[false], queryString[foo=bar]]" time="0.001"/>
  <testcase classname="org.apache.catalina.valves.TestLoadBalancerDrainingValve" name="runValve[61: activation[DIS], validSessionID[false], expectInvokeNext[false], enableIgnore[false], queryString[foo=bar]]" time="0"/>
  <testcase classname="org.apache.catalina.valves.TestLoadBalancerDrainingValve" name="runValve[62: activation[DIS], validSessionID[false], expectInvokeNext[false], enableIgnore[false], queryString[foo=bar]]" time="0"/>
  <testcase classname="org.apache.catalina.valves.TestLoadBalancerDrainingValve" name="runValve[63: activation[DIS], validSessionID[false], expectInvokeNext[false], enableIgnore[false], queryString[foo=bar]]" time="0"/>
</testsuite>