<?xml version="1.0" encoding="UTF-8" ?>
<testsuite tests="22" failures="0" name="org.apache.catalina.filters.TestRemoteIpFilter" time="1.103" errors="0" skipped="0">
  <properties>
[...]
</properties>
  <testcase classname="org.apache.catalina.filters.TestRemoteIpFilter" name="testInvokeAllowedRemoteAddrWithNullRemoteIpHeader" time="0.067"/>
  <testcase classname="org.apache.catalina.filters.TestRemoteIpFilter" name="testInvokeAllProxiesAreTrusted" time="0.063"/>
  <testcase classname="org.apache.catalina.filters.TestRemoteIpFilter" name="testInvokeAllProxiesAreTrustedUnusedInternal" time="0.068"/>
  <testcase classname="org.apache.catalina.filters.TestRemoteIpFilter" name="testIncomingRequestIsSecuredButProtocolHeaderSaysItIsNotWithDefaultValues" time="0.071"/>
  <testcase classname="org.apache.catalina.filters.TestRemoteIpFilter" name="testInvokeNotAllowedRemoteAddr" time="0.079"/>
  <testcase classname="org.apache.catalina.filters.TestRemoteIpFilter" name="testInvokeUntrustedProxyInTheChain" time="0.069"/>
  <testcase classname="org.apache.catalina.filters.TestRemoteIpFilter" name="testRequestForwarded" time="0.067"/>
  <testcase classname="org.apache.catalina.filters.TestRemoteIpFilter" name="testIncomingRequestIsSecuredButProtocolHeaderSaysItIsNotWithCustomValues" time="0.063"/>
  <testcase classname="org.apache.catalina.filters.TestRemoteIpFilter" name="testInvokeAllProxiesAreTrustedAndRemoteAddrMatchRegexp" time="0.063"/>
  <testcase classname="org.apache.catalina.filters.TestRemoteIpFilter" name="testInvokeXforwardedHost" time="0.065"/>
  <testcase classname="org.apache.catalina.filters.TestRemoteIpFilter" name="testListToCommaDelimitedString" time="0.002"/>
  <testcase classname="org.apache.catalina.filters.TestRemoteIpFilter" name="testWithTomcatServer" time="0.074"/>
  <testcase classname="org.apache.catalina.filters.TestRemoteIpFilter" name="testCommaDelimitedListToStringArray" time="0.002"/>
  <testcase classname="org.apache.catalina.filters.TestRemoteIpFilter" name="testInvokeXforwardedHostAndPort" time="0.066"/>
  <testcase classname="org.apache.catalina.filters.TestRemoteIpFilter" name="testRequestAttributesForAccessLog" time="0.073"/>
  <testcase classname="org.apache.catalina.filters.TestRemoteIpFilter" name="testInvokeAllProxiesAreInternal" time="0.067"/>
  <testcase classname="org.apache.catalina.filters.TestRemoteIpFilter" name="testInvokeAllProxiesAreTrustedEmptyInternal" time="0.069"/>
  <testcase classname="org.apache.catalina.filters.TestRemoteIpFilter" name="testCommaDelimitedListToStringArrayNullList" time="0.003"/>
  <testcase classname="org.apache.catalina.filters.TestRemoteIpFilter" name="testInvokeAllProxiesAreTrustedOrInternal" time="0.069"/>
  <testcase classname="org.apache.catalina.filters.TestRemoteIpFilter" name="testListToCommaDelimitedStringMixedSpaceChars" time="0.001"/>
  <testcase classname="org.apache.catalina.filters.TestRemoteIpFilter" name="testHeaderNamesCaseInsensitivity" time="0.001"/>
  <testcase classname="org.apache.catalina.filters.TestRemoteIpFilter" name="testCommaDelimitedListToStringArrayEmptyList" time="0.001"/>
</testsuite>