<?xml version="1.0" encoding="UTF-8" ?>
<testsuite tests="11" failures="0" name="org.apache.juli.TestOneLineFormatterMillisPerformance" time="6.294" errors="0" skipped="0">
  <properties>
[...]
</properties>
  <testcase classname="org.apache.juli.TestOneLineFormatterMillisPerformance" name="testMillisHandling[0: format[dd-MMM-yyyy HH:mm:ss.SSS]]" time="0.399"/>
  <testcase classname="org.apache.juli.TestOneLineFormatterMillisPerformance" name="testMillisHandling[1: format[dd-MMM-yyyy HH:mm:ss.SS]]" time="0.715"/>
  <testcase classname="org.apache.juli.TestOneLineFormatterMillisPerformance" name="testMillisHandling[2: format[dd-MMM-yyyy HH:mm:ss.S]]" time="0.644"/>
  <testcase classname="org.apache.juli.TestOneLineFormatterMillisPerformance" name="testMillisHandling[3: format[dd-MMM-yyyy HH:mm:ss]]" time="0.197"/>
  <testcase classname="org.apache.juli.TestOneLineFormatterMillisPerformance" name="testMillisHandling[4: format[dd-MMM-yyyy HH:mm:ss XXX]]" time="0.189"/>
  <testcase classname="org.apache.juli.TestOneLineFormatterMillisPerformance" name="testMillisHandling[5: format[dd-MMM-yyyy HH:mm:ss.SSSXXX]]" time="0.813"/>
  <testcase classname="org.apache.juli.TestOneLineFormatterMillisPerformance" name="testMillisHandling[6: format[dd-MMM-yyyy HH:mm:ss.SSXXX]]" time="0.709"/>
  <testcase classname="org.apache.juli.TestOneLineFormatterMillisPerformance" name="testMillisHandling[7: format[dd-MMM-yyyy HH:mm:ss.SXXX]]" time="0.761"/>
  <testcase classname="org.apache.juli.TestOneLineFormatterMillisPerformance" name="testMillisHandling[8: format[SSS dd-MMM-yyyy HH:mm:ss]]" time="0.514"/>
  <testcase classname="org.apache.juli.TestOneLineFormatterMillisPerformance" name="testMillisHandling[9: format[SS dd-MMM-yyyy HH:mm:ss]]" time="0.521"/>
  <testcase classname="org.apache.juli.TestOneLineFormatterMillisPerformance" name="testMillisHandling[10: format[S dd-MMM-yyyy HH:mm:ss]]" time="0.832"/>
</testsuite>