<?xml version="1.0" encoding="UTF-8" ?>
<testsuite tests="18" failures="0" name="org.apache.catalina.valves.TestSSLValve" time="0.012" errors="1" skipped="0">
  <properties>
[...]
</properties>
  <testcase classname="org.apache.catalina.valves.TestSSLValve" name="testSslClientCertShorter" time="0"/>
  <testcase classname="org.apache.catalina.valves.TestSSLValve" name="testSslClientCertNull" time="0.001"/>
  <testcase classname="org.apache.catalina.valves.TestSSLValve" name="testSslHeaderNullName" time="0"/>
  <testcase classname="org.apache.catalina.valves.TestSSLValve" name="testSslClientCertIgnoredBegin" time="0.003"/>
  <testcase classname="org.apache.catalina.valves.TestSSLValve" name="testSslHeaderMultiples" time="0"/>
  <testcase classname="org.apache.catalina.valves.TestSSLValve" name="testSslHeaderNullModHeader" time="0"/>
  <testcase classname="org.apache.catalina.valves.TestSSLValve" name="testSslHeaderNull" time="0"/>
  <testcase classname="org.apache.catalina.valves.TestSSLValve" name="testSslClientCertBadFormat" time="0.001"/>
  <testcase classname="org.apache.catalina.valves.TestSSLValve" name="testSslCipherUserKeySizeHeaderBadFormat" time="0"/>
  <testcase classname="org.apache.catalina.valves.TestSSLValve" name="testSslCipherUserKeySizeHeaderPresent" time="0"/>
  <testcase classname="org.apache.catalina.valves.TestSSLValve" name="testSslSessionIdHeaderPresent" time="0"/>
  <testcase classname="org.apache.catalina.valves.TestSSLValve" name="testSslClientCertHeaderMultiSpace" time="0.001"/>
  <testcase classname="org.apache.catalina.valves.TestSSLValve" name="testSslHeader" time="0"/>
  <testcase classname="org.apache.catalina.valves.TestSSLValve" name="testSslCipherHeaderPresent" time="0.001"/>
  <testcase classname="org.apache.catalina.valves.TestSSLValve" name="testSslClientCertHeaderSingleSpace" time="0"/>
  <testcase classname="org.apache.catalina.valves.TestSSLValve" name="testSslClientCertHeaderEscaped" time="0.003"/>
  <testcase classname="org.apache.catalina.valves.TestSSLValve" name="testSslClientCertHeaderTab" time="0.001"/>
  <testcase classname="org.apache.catalina.valves.TestSSLValve" name="testClientCertProviderNotFound" time="0.001">
    <error message="can&apos;t parse argument number: [0" type="java.lang.IllegalArgumentException">java.lang.IllegalArgumentException: can&apos;t parse argument number: [0
	at java.base/java.text.MessageFormat.makeFormat(MessageFormat.java:1454)
	at java.base/java.text.MessageFormat.applyPattern(MessageFormat.java:492)
	at java.base/java.text.MessageFormat.&lt;init&gt;(MessageFormat.java:371)
	at org.apache.tomcat.util.res.StringManager.getString(StringManager.java:170)
	at org.apache.catalina.valves.SSLValve.invoke(SSLValve.java:183)
	at org.apache.catalina.valves.TestSSLValve.testClientCertProviderNotFound(TestSSLValve.java:265)
	at java.base/jdk.internal.reflect.NativeMethodAccessorImpl.invoke0(Native Method)
	at java.base/jdk.internal.reflect.NativeMethodAccessorImpl.invoke(NativeMethodAccessorImpl.java:64)
	at java.base/jdk.internal.reflect.DelegatingMethodAccessorImpl.invoke(DelegatingMethodAccessorImpl.java:43)
	at java.base/java.lang.reflect.Method.invoke(Method.java:564)
	at org.junit.runners.model.FrameworkMethod$1.runReflectiveCall(FrameworkMethod.java:50)
	at org.junit.internal.runners.model.ReflectiveCallable.run(ReflectiveCallable.java:12)
	at org.junit.runners.model.FrameworkMethod.invokeExplosively(FrameworkMethod.java:47)
	at org.junit.internal.runners.statements.InvokeMethod.evaluate(InvokeMethod.java:17)
	at org.junit.internal.runners.statements.RunBefores.evaluate(RunBefores.java:26)
	at org.junit.runners.ParentRunner.runLeaf(ParentRunner.java:325)
	at org.junit.runners.BlockJUnit4ClassRunner.runChild(BlockJUnit4ClassRunner.java:78)
	at org.junit.runners.BlockJUnit4ClassRunner.runChild(BlockJUnit4ClassRunner.java:57)
	at org.junit.runners.ParentRunner$3.run(ParentRunner.java:290)
	at org.junit.runners.ParentRunner$1.schedule(ParentRunner.java:71)
	at org.junit.runners.ParentRunner.runChildren(ParentRunner.java:288)
	at org.junit.runners.ParentRunner.access$000(ParentRunner.java:58)
	at org.junit.runners.ParentRunner$2.evaluate(ParentRunner.java:268)
	at org.junit.runners.ParentRunner.run(ParentRunner.java:363)
	at org.apache.maven.surefire.junit4.JUnit4Provider.execute(JUnit4Provider.java:252)
	at org.apache.maven.surefire.junit4.JUnit4Provider.executeTestSet(JUnit4Provider.java:141)
	at org.apache.maven.surefire.junit4.JUnit4Provider.invoke(JUnit4Provider.java:112)
	at java.base/jdk.internal.reflect.NativeMethodAccessorImpl.invoke0(Native Method)
	at java.base/jdk.internal.reflect.NativeMethodAccessorImpl.invoke(NativeMethodAccessorImpl.java:64)
	at java.base/jdk.internal.reflect.DelegatingMethodAccessorImpl.invoke(DelegatingMethodAccessorImpl.java:43)
	at java.base/java.lang.reflect.Method.invoke(Method.java:564)
	at org.apache.maven.surefire.util.ReflectionUtils.invokeMethodWithArray(ReflectionUtils.java:189)
	at org.apache.maven.surefire.booter.ProviderFactory$ProviderProxy.invoke(ProviderFactory.java:165)
	at org.apache.maven.surefire.booter.ProviderFactory.invokeProvider(ProviderFactory.java:85)
	at org.apache.maven.surefire.booter.ForkedBooter.runSuitesInProcess(ForkedBooter.java:115)
	at org.apache.maven.surefire.booter.ForkedBooter.main(ForkedBooter.java:75)
Caused by: java.lang.NumberFormatException: For input string: &quot;[0&quot;
	at java.base/java.lang.NumberFormatException.forInputString(NumberFormatException.java:68)
	at java.base/java.lang.Integer.parseInt(Integer.java:652)
	at java.base/java.lang.Integer.parseInt(Integer.java:770)
	at java.base/java.text.MessageFormat.makeFormat(MessageFormat.java:1452)
	... 35 more
</error>
  </testcase>
</testsuite>