<?xml version="1.0" encoding="UTF-8" ?>
<testsuite tests="75" failures="0" name="org.apache.catalina.valves.rewrite.TestRewriteValve" time="5.166" errors="0" skipped="0">
  <properties>
[...]
</properties>
  <testcase classname="org.apache.catalina.valves.rewrite.TestRewriteValve" name="testUtf8WithBothQsFlagsBQSA" time="0.086"/>
  <testcase classname="org.apache.catalina.valves.rewrite.TestRewriteValve" name="testUtf8WithBothQsFlagsNone" time="0.067"/>
  <testcase classname="org.apache.catalina.valves.rewrite.TestRewriteValve" name="testUtf8WithBothQsFlagsRBNE" time="0.079"/>
  <testcase classname="org.apache.catalina.valves.rewrite.TestRewriteValve" name="testUtf8WithBothQsFlagsRQSA" time="0.071"/>
  <testcase classname="org.apache.catalina.valves.rewrite.TestRewriteValve" name="testNoRewrite" time="0.069"/>
  <testcase classname="org.apache.catalina.valves.rewrite.TestRewriteValve" name="testQueryString" time="0.072"/>
  <testcase classname="org.apache.catalina.valves.rewrite.TestRewriteValve" name="testNegativePattern01" time="0.072"/>
  <testcase classname="org.apache.catalina.valves.rewrite.TestRewriteValve" name="testNegativePattern02" time="0.073"/>
  <testcase classname="org.apache.catalina.valves.rewrite.TestRewriteValve" name="testNegativePattern03" time="0.067"/>
  <testcase classname="org.apache.catalina.valves.rewrite.TestRewriteValve" name="testNegativePattern04" time="0.071"/>
  <testcase classname="org.apache.catalina.valves.rewrite.TestRewriteValve" name="testNonAsciiPath" time="0.073"/>
  <testcase classname="org.apache.catalina.valves.rewrite.TestRewriteValve" name="testHostRewrite" time="0.075"/>
  <testcase classname="org.apache.catalina.valves.rewrite.TestRewriteValve" name="testPathRewrite" time="0.07"/>
  <testcase classname="org.apache.catalina.valves.rewrite.TestRewriteValve" name="testUtf8FlagsRB" time="0.068"/>
  <testcase classname="org.apache.catalina.valves.rewrite.TestRewriteValve" name="test307Redirect" time="0.073"/>
  <testcase classname="org.apache.catalina.valves.rewrite.TestRewriteValve" name="testUtf8WithOriginalQsFlagsB" time="0.069"/>
  <testcase classname="org.apache.catalina.valves.rewrite.TestRewriteValve" name="testUtf8WithOriginalQsFlagsR" time="0.073"/>
  <testcase classname="org.apache.catalina.valves.rewrite.TestRewriteValve" name="testUtf8WithOriginalQsFlagsNone" time="0.07"/>
  <testcase classname="org.apache.catalina.valves.rewrite.TestRewriteValve" name="testUtf8WithOriginalQsFlagsRBNE" time="0.073"/>
  <testcase classname="org.apache.catalina.valves.rewrite.TestRewriteValve" name="testUtf8WithRewriteQsFlagsNone" time="0.069"/>
  <testcase classname="org.apache.catalina.valves.rewrite.TestRewriteValve" name="testUtf8WithRewriteQsFlagsRBNE" time="0.072"/>
  <testcase classname="org.apache.catalina.valves.rewrite.TestRewriteValve" name="testUtf8WithOriginalQsFlagsRNE" time="0.069"/>
  <testcase classname="org.apache.catalina.valves.rewrite.TestRewriteValve" name="testRewriteServerVarAndEnvVar" time="0.072"/>
  <testcase classname="org.apache.catalina.valves.rewrite.TestRewriteValve" name="testUtf8WithRewriteQsFlagsRB" time="0.075"/>
  <testcase classname="org.apache.catalina.valves.rewrite.TestRewriteValve" name="testFlagsNC" time="0.077"/>
  <testcase classname="org.apache.catalina.valves.rewrite.TestRewriteValve" name="testUtf8WithBothQsFlagsRNEQSA" time="0.072"/>
  <testcase classname="org.apache.catalina.valves.rewrite.TestRewriteValve" name="testBackslashPercentSign" time="0.07"/>
  <testcase classname="org.apache.catalina.valves.rewrite.TestRewriteValve" name="testUtf8FlagsNone" time="0.072"/>
  <testcase classname="org.apache.catalina.valves.rewrite.TestRewriteValve" name="testUtf8FlagsRBNE" time="0.069"/>
  <testcase classname="org.apache.catalina.valves.rewrite.TestRewriteValve" name="testUtf8WithRewriteQsFlagsB" time="0.065"/>
  <testcase classname="org.apache.catalina.valves.rewrite.TestRewriteValve" name="testUtf8WithRewriteQsFlagsR" time="0.065"/>
  <testcase classname="org.apache.catalina.valves.rewrite.TestRewriteValve" name="testMultiLine001" time="0.068"/>
  <testcase classname="org.apache.catalina.valves.rewrite.TestRewriteValve" name="testMultiLine002" time="0.07"/>
  <testcase classname="org.apache.catalina.valves.rewrite.TestRewriteValve" name="testBackReferenceRewrite" time="0.069"/>
  <testcase classname="org.apache.catalina.valves.rewrite.TestRewriteValve" name="testEmptyBackReferenceRewrite" time="0.07"/>
  <testcase classname="org.apache.catalina.valves.rewrite.TestRewriteValve" name="testNonAsciiQueryString" time="0.071"/>
  <testcase classname="org.apache.catalina.valves.rewrite.TestRewriteValve" name="testQueryStringRemove" time="0.071"/>
  <testcase classname="org.apache.catalina.valves.rewrite.TestRewriteValve" name="testUtf8WithBothQsFlagsQSA" time="0.07"/>
  <testcase classname="org.apache.catalina.valves.rewrite.TestRewriteValve" name="testUtf8WithBothQsFlagsRNE" time="0.073"/>
  <testcase classname="org.apache.catalina.valves.rewrite.TestRewriteValve" name="testUtf8WithBothQsFlagsB" time="0.068"/>
  <testcase classname="org.apache.catalina.valves.rewrite.TestRewriteValve" name="testUtf8WithBothQsFlagsR" time="0.074"/>
  <testcase classname="org.apache.catalina.valves.rewrite.TestRewriteValve" name="testRewriteMissingCurlyBraceOnVar" time="0.001"/>
  <testcase classname="org.apache.catalina.valves.rewrite.TestRewriteValve" name="testRewriteEnvVarAndServerVar" time="0.074"/>
  <testcase classname="org.apache.catalina.valves.rewrite.TestRewriteValve" name="testUtf8FlagsB" time="0.076"/>
  <testcase classname="org.apache.catalina.valves.rewrite.TestRewriteValve" name="testUtf8FlagsR" time="0.072"/>
  <testcase classname="org.apache.catalina.valves.rewrite.TestRewriteValve" name="testNoopRewrite" time="0.071"/>
  <testcase classname="org.apache.catalina.valves.rewrite.TestRewriteValve" name="testNonAsciiQueryStringWithB" time="0.067"/>
  <testcase classname="org.apache.catalina.valves.rewrite.TestRewriteValve" name="testRewriteMissingCurlyBraceOnMapper" time="0.002"/>
  <testcase classname="org.apache.catalina.valves.rewrite.TestRewriteValve" name="testTempRedirect" time="0.071"/>
  <testcase classname="org.apache.catalina.valves.rewrite.TestRewriteValve" name="testUtf8WithOriginalQsFlagsRB" time="0.073"/>
  <testcase classname="org.apache.catalina.valves.rewrite.TestRewriteValve" name="testNonAsciiQueryStringAndRedirect" time="0.07"/>
  <testcase classname="org.apache.catalina.valves.rewrite.TestRewriteValve" name="testNonNormalizedPathRewrite" time="0.072"/>
  <testcase classname="org.apache.catalina.valves.rewrite.TestRewriteValve" name="testDefaultRedirect" time="0.072"/>
  <testcase classname="org.apache.catalina.valves.rewrite.TestRewriteValve" name="testUtf8WithRewriteQsFlagsQSA" time="0.07"/>
  <testcase classname="org.apache.catalina.valves.rewrite.TestRewriteValve" name="testUtf8WithRewriteQsFlagsRNE" time="0.072"/>
  <testcase classname="org.apache.catalina.valves.rewrite.TestRewriteValve" name="testNonAsciiQueryStringAndPath" time="0.07"/>
  <testcase classname="org.apache.catalina.valves.rewrite.TestRewriteValve" name="testRewriteMap01" time="0.069"/>
  <testcase classname="org.apache.catalina.valves.rewrite.TestRewriteValve" name="testRewriteMap02" time="0.059"/>
  <testcase classname="org.apache.catalina.valves.rewrite.TestRewriteValve" name="testRewriteMap03" time="0.063"/>
  <testcase classname="org.apache.catalina.valves.rewrite.TestRewriteValve" name="testRewriteMap04" time="0.064"/>
  <testcase classname="org.apache.catalina.valves.rewrite.TestRewriteValve" name="testRewriteMap05" time="0.067"/>
  <testcase classname="org.apache.catalina.valves.rewrite.TestRewriteValve" name="testRewriteMap06" time="0.073"/>
  <testcase classname="org.apache.catalina.valves.rewrite.TestRewriteValve" name="testRewriteMap07" time="0.07"/>
  <testcase classname="org.apache.catalina.valves.rewrite.TestRewriteValve" name="testRewriteMap08" time="0.073"/>
  <testcase classname="org.apache.catalina.valves.rewrite.TestRewriteValve" name="testSeeotherRedirect" time="0.065"/>
  <testcase classname="org.apache.catalina.valves.rewrite.TestRewriteValve" name="testRewriteServerVar" time="0.07"/>
  <testcase classname="org.apache.catalina.valves.rewrite.TestRewriteValve" name="testQueryStringRemove02" time="0.075"/>
  <testcase classname="org.apache.catalina.valves.rewrite.TestRewriteValve" name="testPermanentRedirect" time="0.076"/>
  <testcase classname="org.apache.catalina.valves.rewrite.TestRewriteValve" name="testUtf8FlagsRNE" time="0.072"/>
  <testcase classname="org.apache.catalina.valves.rewrite.TestRewriteValve" name="testUtf8WithBothQsFlagsRB" time="0.073"/>
  <testcase classname="org.apache.catalina.valves.rewrite.TestRewriteValve" name="testNonAsciiPathRedirect" time="0.069"/>
  <testcase classname="org.apache.catalina.valves.rewrite.TestRewriteValve" name="testNonAsciiQueryStringAndPathAndRedirect" time="0.069"/>
  <testcase classname="org.apache.catalina.valves.rewrite.TestRewriteValve" name="testNonAsciiQueryStringAndPathAndRedirectWithB" time="0.065"/>
  <testcase classname="org.apache.catalina.valves.rewrite.TestRewriteValve" name="testUtf8WithBothQsFlagsRBQSA" time="0.07"/>
  <testcase classname="org.apache.catalina.valves.rewrite.TestRewriteValve" name="testUtf8WithBothQsFlagsRBNEQSA" time="0.069"/>
</testsuite>