<?xml version="1.0" encoding="UTF-8" ?>
<testsuite tests="1" failures="1" name="org.apache.catalina.tribes.test.channel.TestRemoteProcessException" time="12.179" errors="0" skipped="0">
  <properties>
    <property name="idea.version" value="2020.3.2"/>
    <property name="java.runtime.name" value="Java(TM) SE Runtime Environment"/>
    <property name="java.vm.version" value="15.0.1+9-18"/>
    <property name="sun.boot.library.path" value="/Library/Java/JavaVirtualMachines/jdk-15.0.1.jdk/Contents/Home/lib"/>
    <property name="maven.multiModuleProjectDirectory" value="/Users/pengfeili/Downloads/apache-tomcat-9.0.50-src"/>
    <property name="java.vm.vendor" value="Oracle Corporation"/>
    <property name="java.vendor.url" value="https://java.oracle.com/"/>
    <property name="guice.disable.misplaced.annotation.check" value="true"/>
    <property name="path.separator" value=":"/>
    <property name="java.vm.name" value="Java HotSpot(TM) 64-Bit Server VM"/>
    <property name="user.script" value="Hans"/>
    <property name="user.country" value="CN"/>
    <property name="sun.java.launcher" value="SUN_STANDARD"/>
    <property name="java.vm.specification.name" value="Java Virtual Machine Specification"/>
    <property name="user.dir" value="/Users/pengfeili/Downloads/apache-tomcat-9.0.50-src"/>
    <property name="java.vm.compressedOopsMode" value="Zero based"/>
    <property name="java.runtime.version" value="15.0.1+9-18"/>
    <property name="os.arch" value="x86_64"/>
    <property name="java.io.tmpdir" value="/var/folders/8n/n57t642x06jfyjrr_6ld6q540000gn/T/"/>
    <property name="line.separator" value="
"/>
    <property name="java.vm.specification.vendor" value="Oracle Corporation"/>
    <property name="os.name" value="Mac OS X"/>
    <property name="maven.ext.class.path" value="/Applications/IntelliJ IDEA.app/Contents/plugins/maven/lib/maven-event-listener.jar"/>
    <property name="classworlds.conf" value="/Users/pengfeili/Maven/apache-maven-3.6.3/bin/m2.conf"/>
    <property name="sun.jnu.encoding" value="UTF-8"/>
    <property name="java.library.path" value="/Users/pengfeili/Library/Java/Extensions:/Library/Java/Extensions:/Network/Library/Java/Extensions:/System/Library/Java/Extensions:/usr/lib/java:."/>
    <property name="maven.conf" value="/Users/pengfeili/Maven/apache-maven-3.6.3/conf"/>
    <property name="jdk.debug" value="release"/>
    <property name="java.class.version" value="59.0"/>
    <property name="java.specification.name" value="Java Platform API Specification"/>
    <property name="sun.management.compiler" value="HotSpot 64-Bit Tiered Compilers"/>
    <property name="os.version" value="10.16"/>
    <property name="http.nonProxyHosts" value="local|*.local|169.254/16|*.169.254/16"/>
    <property name="user.home" value="/Users/pengfeili"/>
    <property name="user.timezone" value="Asia/Shanghai"/>
    <property name="file.encoding" value="UTF-8"/>
    <property name="java.specification.version" value="15"/>
    <property name="user.name" value="pengfeili"/>
    <property name="java.class.path" value="/Users/pengfeili/Maven/apache-maven-3.6.3/boot/plexus-classworlds.license:/Users/pengfeili/Maven/apache-maven-3.6.3/boot/plexus-classworlds-2.6.0.jar"/>
    <property name="java.vm.specification.version" value="15"/>
    <property name="sun.arch.data.model" value="64"/>
    <property name="sun.java.command" value="org.codehaus.classworlds.Launcher -Didea.version=2020.3.2 install --non-recursive"/>
    <property name="java.home" value="/Library/Java/JavaVirtualMachines/jdk-15.0.1.jdk/Contents/Home"/>
    <property name="user.language" value="zh"/>
    <property name="java.specification.vendor" value="Oracle Corporation"/>
    <property name="java.vm.info" value="mixed mode, sharing"/>
    <property name="java.version" value="15.0.1"/>
    <property name="java.vendor" value="Oracle Corporation"/>
    <property name="maven.home" value="/Users/pengfeili/Maven/apache-maven-3.6.3"/>
    <property name="file.separator" value="/"/>
    <property name="java.version.date" value="2020-10-20"/>
    <property name="java.vendor.url.bug" value="https://bugreport.java.com/bugreport/"/>
    <property name="sun.io.unicode.encoding" value="UnicodeBig"/>
    <property name="sun.cpu.endian" value="little"/>
    <property name="socksNonProxyHosts" value="local|*.local|169.254/16|*.169.254/16"/>
    <property name="ftp.nonProxyHosts" value="local|*.local|169.254/16|*.169.254/16"/>
  </properties>
  <testcase classname="org.apache.catalina.tribes.test.channel.TestRemoteProcessException" name="testDataSendSYNCACK" time="12.179">
    <failure message="Checking failure messages. expected:&lt;4979&gt; but was:&lt;9954&gt;" type="java.lang.AssertionError">java.lang.AssertionError: Checking failure messages. expected:&lt;4979&gt; but was:&lt;9954&gt;
	at org.junit.Assert.fail(Assert.java:88)
	at org.junit.Assert.failNotEquals(Assert.java:834)
	at org.junit.Assert.assertEquals(Assert.java:645)
	at org.apache.catalina.tribes.test.channel.TestRemoteProcessException.testDataSendSYNCACK(TestRemoteProcessException.java:91)
	at java.base/jdk.internal.reflect.NativeMethodAccessorImpl.invoke0(Native Method)
	at java.base/jdk.internal.reflect.NativeMethodAccessorImpl.invoke(NativeMethodAccessorImpl.java:64)
	at java.base/jdk.internal.reflect.DelegatingMethodAccessorImpl.invoke(DelegatingMethodAccessorImpl.java:43)
	at java.base/java.lang.reflect.Method.invoke(Method.java:564)
	at org.junit.runners.model.FrameworkMethod$1.runReflectiveCall(FrameworkMethod.java:50)
	at org.junit.internal.runners.model.ReflectiveCallable.run(ReflectiveCallable.java:12)
	at org.junit.runners.model.FrameworkMethod.invokeExplosively(FrameworkMethod.java:47)
	at org.junit.internal.runners.statements.InvokeMethod.evaluate(InvokeMethod.java:17)
	at org.junit.internal.runners.statements.RunBefores.evaluate(RunBefores.java:26)
	at org.junit.internal.runners.statements.RunAfters.evaluate(RunAfters.java:27)
	at org.junit.runners.ParentRunner.runLeaf(ParentRunner.java:325)
	at org.junit.runners.BlockJUnit4ClassRunner.runChild(BlockJUnit4ClassRunner.java:78)
	at org.junit.runners.BlockJUnit4ClassRunner.runChild(BlockJUnit4ClassRunner.java:57)
	at org.junit.runners.ParentRunner$3.run(ParentRunner.java:290)
	at org.junit.runners.ParentRunner$1.schedule(ParentRunner.java:71)
	at org.junit.runners.ParentRunner.runChildren(ParentRunner.java:288)
	at org.junit.runners.ParentRunner.access$000(ParentRunner.java:58)
	at org.junit.runners.ParentRunner$2.evaluate(ParentRunner.java:268)
	at org.junit.runners.ParentRunner.run(ParentRunner.java:363)
	at org.apache.maven.surefire.junit4.JUnit4Provider.execute(JUnit4Provider.java:252)
	at org.apache.maven.surefire.junit4.JUnit4Provider.executeTestSet(JUnit4Provider.java:141)
	at org.apache.maven.surefire.junit4.JUnit4Provider.invoke(JUnit4Provider.java:112)
	at java.base/jdk.internal.reflect.NativeMethodAccessorImpl.invoke0(Native Method)
	at java.base/jdk.internal.reflect.NativeMethodAccessorImpl.invoke(NativeMethodAccessorImpl.java:64)
	at java.base/jdk.internal.reflect.DelegatingMethodAccessorImpl.invoke(DelegatingMethodAccessorImpl.java:43)
	at java.base/java.lang.reflect.Method.invoke(Method.java:564)
	at org.apache.maven.surefire.util.ReflectionUtils.invokeMethodWithArray(ReflectionUtils.java:189)
	at org.apache.maven.surefire.booter.ProviderFactory$ProviderProxy.invoke(ProviderFactory.java:165)
	at org.apache.maven.surefire.booter.ProviderFactory.invokeProvider(ProviderFactory.java:85)
	at org.apache.maven.surefire.booter.ForkedBooter.runSuitesInProcess(ForkedBooter.java:115)
	at org.apache.maven.surefire.booter.ForkedBooter.main(ForkedBooter.java:75)
</failure>
    <system-err>Starting SYNC_ACK
NORMAL:52
FAILURES:100
TOTAL:152
NORMAL:100
FAILURES:146
TOTAL:246
NORMAL:113
FAILURES:200
TOTAL:313
NORMAL:148
FAILURES:300
TOTAL:448
NORMAL:200
FAILURES:370
TOTAL:570
NORMAL:212
FAILURES:400
TOTAL:612
NORMAL:262
FAILURES:500
TOTAL:762
NORMAL:300
FAILURES:564
TOTAL:864
NORMAL:331
FAILURES:600
TOTAL:931
NORMAL:387
FAILURES:700
TOTAL:1087
NORMAL:400
FAILURES:730
TOTAL:1130
NORMAL:429
FAILURES:800
TOTAL:1229
NORMAL:491
FAILURES:900
TOTAL:1391
NORMAL:500
FAILURES:924
TOTAL:1424
NORMAL:534
FAILURES:1000
TOTAL:1534
NORMAL:587
FAILURES:1100
TOTAL:1687
NORMAL:600
FAILURES:1136
TOTAL:1736
NORMAL:628
FAILURES:1200
TOTAL:1828
NORMAL:669
FAILURES:1300
TOTAL:1969
NORMAL:700
FAILURES:1354
TOTAL:2054
NORMAL:719
FAILURES:1400
TOTAL:2119
NORMAL:794
FAILURES:1500
TOTAL:2294
NORMAL:800
FAILURES:1510
TOTAL:2310
NORMAL:849
FAILURES:1600
TOTAL:2449
NORMAL:896
FAILURES:1700
TOTAL:2596
NORMAL:900
FAILURES:1706
TOTAL:2606
NORMAL:952
FAILURES:1800
TOTAL:2752
NORMAL:1000
FAILURES:1866
TOTAL:2866
NORMAL:1019
FAILURES:1900
TOTAL:2919
NORMAL:1074
FAILURES:2000
TOTAL:3074
NORMAL:1100
FAILURES:2032
TOTAL:3132
NORMAL:1158
FAILURES:2100
TOTAL:3258
NORMAL:1200
FAILURES:2162
TOTAL:3362
NORMAL:1224
FAILURES:2200
TOTAL:3424
NORMAL:1255
FAILURES:2300
TOTAL:3555
NORMAL:1292
FAILURES:2400
TOTAL:3692
NORMAL:1300
FAILURES:2414
TOTAL:3714
NORMAL:1349
FAILURES:2500
TOTAL:3849
NORMAL:1394
FAILURES:2600
TOTAL:3994
NORMAL:1400
FAILURES:2608
TOTAL:4008
NORMAL:1436
FAILURES:2700
TOTAL:4136
NORMAL:1475
FAILURES:2800
TOTAL:4275
NORMAL:1500
FAILURES:2862
TOTAL:4362
NORMAL:1522
FAILURES:2900
TOTAL:4422
NORMAL:1565
FAILURES:3000
TOTAL:4565
NORMAL:1600
FAILURES:3058
TOTAL:4658
NORMAL:1613
FAILURES:3100
TOTAL:4713
NORMAL:1666
FAILURES:3200
TOTAL:4866
NORMAL:1700
FAILURES:3250
TOTAL:4950
NORMAL:1724
FAILURES:3300
TOTAL:5024
NORMAL:1792
FAILURES:3400
TOTAL:5192
NORMAL:1800
FAILURES:3408
TOTAL:5208
NORMAL:1832
FAILURES:3500
TOTAL:5332
NORMAL:1888
FAILURES:3600
TOTAL:5488
NORMAL:1900
FAILURES:3616
TOTAL:5516
NORMAL:1947
FAILURES:3700
TOTAL:5647
NORMAL:2000
FAILURES:3784
TOTAL:5784
NORMAL:2010
FAILURES:3800
TOTAL:5810
NORMAL:2058
FAILURES:3900
TOTAL:5958
NORMAL:2100
FAILURES:3972
TOTAL:6072
NORMAL:2109
FAILURES:4000
TOTAL:6109
NORMAL:2146
FAILURES:4100
TOTAL:6246
NORMAL:2195
FAILURES:4200
TOTAL:6395
NORMAL:2200
FAILURES:4206
TOTAL:6406
NORMAL:2254
FAILURES:4300
TOTAL:6554
NORMAL:2300
FAILURES:4362
TOTAL:6662
NORMAL:2317
FAILURES:4400
TOTAL:6717
NORMAL:2370
FAILURES:4500
TOTAL:6870
NORMAL:2400
FAILURES:4588
TOTAL:6988
NORMAL:2409
FAILURES:4600
TOTAL:7009
NORMAL:2450
FAILURES:4700
TOTAL:7150
NORMAL:2485
FAILURES:4800
TOTAL:7285
NORMAL:2500
FAILURES:4830
TOTAL:7330
NORMAL:2552
FAILURES:4900
TOTAL:7452
NORMAL:2595
FAILURES:5000
TOTAL:7595
NORMAL:2600
FAILURES:5004
TOTAL:7604
NORMAL:2640
FAILURES:5100
TOTAL:7740
NORMAL:2698
FAILURES:5200
TOTAL:7898
NORMAL:2700
FAILURES:5204
TOTAL:7904
NORMAL:2743
FAILURES:5300
TOTAL:8043
NORMAL:2795
FAILURES:5400
TOTAL:8195
NORMAL:2800
FAILURES:5414
TOTAL:8214
NORMAL:2838
FAILURES:5500
TOTAL:8338
NORMAL:2894
FAILURES:5600
TOTAL:8494
NORMAL:2900
FAILURES:5606
TOTAL:8506
NORMAL:2945
FAILURES:5700
TOTAL:8645
NORMAL:3000
FAILURES:5790
TOTAL:8790
NORMAL:3011
FAILURES:5800
TOTAL:8811
NORMAL:3076
FAILURES:5900
TOTAL:8976
NORMAL:3100
FAILURES:5952
TOTAL:9052
NORMAL:3125
FAILURES:6000
TOTAL:9125
NORMAL:3168
FAILURES:6100
TOTAL:9268
NORMAL:3200
FAILURES:6174
TOTAL:9374
NORMAL:3209
FAILURES:6200
TOTAL:9409
NORMAL:3250
FAILURES:6300
TOTAL:9550
NORMAL:3300
FAILURES:6398
TOTAL:9698
NORMAL:3300
FAILURES:6400
TOTAL:9700
NORMAL:3341
FAILURES:6500
TOTAL:9841
NORMAL:3398
FAILURES:6600
TOTAL:9998
NORMAL:3400
FAILURES:6602
TOTAL:10002
NORMAL:3461
FAILURES:6700
TOTAL:10161
NORMAL:3500
FAILURES:6770
TOTAL:10270
NORMAL:3511
FAILURES:6800
TOTAL:10311
NORMAL:3566
FAILURES:6900
TOTAL:10466
NORMAL:3600
FAILURES:6976
TOTAL:10576
NORMAL:3605
FAILURES:7000
TOTAL:10605
NORMAL:3655
FAILURES:7100
TOTAL:10755
NORMAL:3700
FAILURES:7184
TOTAL:10884
NORMAL:3701
FAILURES:7200
TOTAL:10901
NORMAL:3734
FAILURES:7300
TOTAL:11034
NORMAL:3780
FAILURES:7400
TOTAL:11180
NORMAL:3800
FAILURES:7454
TOTAL:11254
NORMAL:3823
FAILURES:7500
TOTAL:11323
NORMAL:3885
FAILURES:7600
TOTAL:11485
NORMAL:3900
FAILURES:7632
TOTAL:11532
NORMAL:3926
FAILURES:7700
TOTAL:11626
NORMAL:3970
FAILURES:7800
TOTAL:11770
NORMAL:4000
FAILURES:7828
TOTAL:11828
NORMAL:4050
FAILURES:7900
TOTAL:11950
NORMAL:4094
FAILURES:8000
TOTAL:12094
NORMAL:4100
FAILURES:8002
TOTAL:12102
NORMAL:4153
FAILURES:8100
TOTAL:12253
NORMAL:4200
FAILURES:8192
TOTAL:12392
NORMAL:4202
FAILURES:8200
TOTAL:12402
NORMAL:4238
FAILURES:8300
TOTAL:12538
NORMAL:4272
FAILURES:8400
TOTAL:12672
NORMAL:4300
FAILURES:8440
TOTAL:12740
NORMAL:4325
FAILURES:8500
TOTAL:12825
NORMAL:4375
FAILURES:8600
TOTAL:12975
NORMAL:4400
FAILURES:8654
TOTAL:13054
NORMAL:4421
FAILURES:8700
TOTAL:13121
NORMAL:4464
FAILURES:8800
TOTAL:13264
NORMAL:4500
FAILURES:8872
TOTAL:13372
NORMAL:4517
FAILURES:8900
TOTAL:13417
NORMAL:4576
FAILURES:9000
TOTAL:13576
NORMAL:4600
FAILURES:9046
TOTAL:13646
NORMAL:4626
FAILURES:9100
TOTAL:13726
NORMAL:4674
FAILURES:9200
TOTAL:13874
NORMAL:4700
FAILURES:9244
TOTAL:13944
NORMAL:4730
FAILURES:9300
TOTAL:14030
NORMAL:4765
FAILURES:9400
TOTAL:14165
NORMAL:4800
FAILURES:9492
TOTAL:14292
NORMAL:4801
FAILURES:9500
TOTAL:14301
NORMAL:4847
FAILURES:9600
TOTAL:14447
NORMAL:4897
FAILURES:9700
TOTAL:14597
NORMAL:4900
FAILURES:9704
TOTAL:14604
NORMAL:4943
FAILURES:9800
TOTAL:14743
NORMAL:4989
FAILURES:9900
TOTAL:14889
NORMAL:5000
FAILURES:9914
TOTAL:14914
Finished SYNC_ACK
</system-err>
  </testcase>
</testsuite>