<?xml version="1.0" encoding="UTF-8" ?>
<testsuite tests="86" failures="0" name="org.apache.catalina.core.TestApplicationContextGetRequestDispatcher" time="5.829" errors="0" skipped="0">
  <properties>
[...]
</properties>
  <testcase classname="org.apache.catalina.core.TestApplicationContextGetRequestDispatcher" name="testGetRequestDispatcherEncodedTraversal[0: useAsync[true]]" time="0.071"/>
  <testcase classname="org.apache.catalina.core.TestApplicationContextGetRequestDispatcher" name="testGetRequestDispatcherNullPath01[0: useAsync[true]]" time="0.064"/>
  <testcase classname="org.apache.catalina.core.TestApplicationContextGetRequestDispatcher" name="testGetRequestDispatcherNullPath02[0: useAsync[true]]" time="0.072"/>
  <testcase classname="org.apache.catalina.core.TestApplicationContextGetRequestDispatcher" name="testGetRequestDispatcher01[0: useAsync[true]]" time="0.063"/>
  <testcase classname="org.apache.catalina.core.TestApplicationContextGetRequestDispatcher" name="testGetRequestDispatcher02[0: useAsync[true]]" time="0.07"/>
  <testcase classname="org.apache.catalina.core.TestApplicationContextGetRequestDispatcher" name="testGetRequestDispatcher03[0: useAsync[true]]" time="0.07"/>
  <testcase classname="org.apache.catalina.core.TestApplicationContextGetRequestDispatcher" name="testGetRequestDispatcher04[0: useAsync[true]]" time="0.063"/>
  <testcase classname="org.apache.catalina.core.TestApplicationContextGetRequestDispatcher" name="testGetRequestDispatcher05[0: useAsync[true]]" time="0.063"/>
  <testcase classname="org.apache.catalina.core.TestApplicationContextGetRequestDispatcher" name="testGetRequestDispatcher06[0: useAsync[true]]" time="0.065"/>
  <testcase classname="org.apache.catalina.core.TestApplicationContextGetRequestDispatcher" name="testGetRequestDispatcher11[0: useAsync[true]]" time="0.073"/>
  <testcase classname="org.apache.catalina.core.TestApplicationContextGetRequestDispatcher" name="testGetRequestDispatcher12[0: useAsync[true]]" time="0.069"/>
  <testcase classname="org.apache.catalina.core.TestApplicationContextGetRequestDispatcher" name="testGetRequestDispatcher13[0: useAsync[true]]" time="0.073"/>
  <testcase classname="org.apache.catalina.core.TestApplicationContextGetRequestDispatcher" name="testGetRequestDispatcher14[0: useAsync[true]]" time="0.067"/>
  <testcase classname="org.apache.catalina.core.TestApplicationContextGetRequestDispatcher" name="testGetRequestDispatcher15[0: useAsync[true]]" time="0.064"/>
  <testcase classname="org.apache.catalina.core.TestApplicationContextGetRequestDispatcher" name="testGetRequestDispatcher16[0: useAsync[true]]" time="0.061"/>
  <testcase classname="org.apache.catalina.core.TestApplicationContextGetRequestDispatcher" name="testGetRequestDispatcher21[0: useAsync[true]]" time="0.065"/>
  <testcase classname="org.apache.catalina.core.TestApplicationContextGetRequestDispatcher" name="testGetRequestDispatcher22[0: useAsync[true]]" time="0.075"/>
  <testcase classname="org.apache.catalina.core.TestApplicationContextGetRequestDispatcher" name="testGetRequestDispatcher23[0: useAsync[true]]" time="0.07"/>
  <testcase classname="org.apache.catalina.core.TestApplicationContextGetRequestDispatcher" name="testGetRequestDispatcher24[0: useAsync[true]]" time="0.086"/>
  <testcase classname="org.apache.catalina.core.TestApplicationContextGetRequestDispatcher" name="testGetRequestDispatcher25[0: useAsync[true]]" time="0.073"/>
  <testcase classname="org.apache.catalina.core.TestApplicationContextGetRequestDispatcher" name="testGetRequestDispatcher26[0: useAsync[true]]" time="0.078"/>
  <testcase classname="org.apache.catalina.core.TestApplicationContextGetRequestDispatcher" name="testGetRequestDispatcher31[0: useAsync[true]]" time="0.075"/>
  <testcase classname="org.apache.catalina.core.TestApplicationContextGetRequestDispatcher" name="testGetRequestDispatcher32[0: useAsync[true]]" time="0.063"/>
  <testcase classname="org.apache.catalina.core.TestApplicationContextGetRequestDispatcher" name="testGetRequestDispatcher33[0: useAsync[true]]" time="0.064"/>
  <testcase classname="org.apache.catalina.core.TestApplicationContextGetRequestDispatcher" name="testGetRequestDispatcher34[0: useAsync[true]]" time="0.067"/>
  <testcase classname="org.apache.catalina.core.TestApplicationContextGetRequestDispatcher" name="testGetRequestDispatcher35[0: useAsync[true]]" time="0.072"/>
  <testcase classname="org.apache.catalina.core.TestApplicationContextGetRequestDispatcher" name="testGetRequestDispatcher36[0: useAsync[true]]" time="0.073"/>
  <testcase classname="org.apache.catalina.core.TestApplicationContextGetRequestDispatcher" name="testGetRequestDispatcher41[0: useAsync[true]]" time="0.063"/>
  <testcase classname="org.apache.catalina.core.TestApplicationContextGetRequestDispatcher" name="testGetRequestDispatcher42[0: useAsync[true]]" time="0.064"/>
  <testcase classname="org.apache.catalina.core.TestApplicationContextGetRequestDispatcher" name="testGetRequestDispatcher43[0: useAsync[true]]" time="0.067"/>
  <testcase classname="org.apache.catalina.core.TestApplicationContextGetRequestDispatcher" name="testGetRequestDispatcher44[0: useAsync[true]]" time="0.066"/>
  <testcase classname="org.apache.catalina.core.TestApplicationContextGetRequestDispatcher" name="testGetRequestDispatcher45[0: useAsync[true]]" time="0.062"/>
  <testcase classname="org.apache.catalina.core.TestApplicationContextGetRequestDispatcher" name="testGetRequestDispatcher46[0: useAsync[true]]" time="0.064"/>
  <testcase classname="org.apache.catalina.core.TestApplicationContextGetRequestDispatcher" name="testGetRequestDispatcher47[0: useAsync[true]]" time="0.064"/>
  <testcase classname="org.apache.catalina.core.TestApplicationContextGetRequestDispatcher" name="testGetRequestDispatcher48[0: useAsync[true]]" time="0.064"/>
  <testcase classname="org.apache.catalina.core.TestApplicationContextGetRequestDispatcher" name="testGetRequestDispatcherOutsideContextRoot01[0: useAsync[true]]" time="0.059"/>
  <testcase classname="org.apache.catalina.core.TestApplicationContextGetRequestDispatcher" name="testGetRequestDispatcherOutsideContextRoot02[0: useAsync[true]]" time="0.061"/>
  <testcase classname="org.apache.catalina.core.TestApplicationContextGetRequestDispatcher" name="testGetRequestDispatcherTraversal01[0: useAsync[true]]" time="0.063"/>
  <testcase classname="org.apache.catalina.core.TestApplicationContextGetRequestDispatcher" name="testGetRequestDispatcherTraversal02[0: useAsync[true]]" time="0.069"/>
  <testcase classname="org.apache.catalina.core.TestApplicationContextGetRequestDispatcher" name="testGetRequestDispatcherTraversal03[0: useAsync[true]]" time="0.065"/>
  <testcase classname="org.apache.catalina.core.TestApplicationContextGetRequestDispatcher" name="testGetRequestDispatcherTraversal04[0: useAsync[true]]" time="0.063"/>
  <testcase classname="org.apache.catalina.core.TestApplicationContextGetRequestDispatcher" name="testGetRequestDispatcherTraversal05[0: useAsync[true]]" time="0.061"/>
  <testcase classname="org.apache.catalina.core.TestApplicationContextGetRequestDispatcher" name="testGetRequestDispatcherTraversal06[0: useAsync[true]]" time="0.067"/>
  <testcase classname="org.apache.catalina.core.TestApplicationContextGetRequestDispatcher" name="testGetRequestDispatcherEncodedTraversal[1: useAsync[false]]" time="0.077"/>
  <testcase classname="org.apache.catalina.core.TestApplicationContextGetRequestDispatcher" name="testGetRequestDispatcherNullPath01[1: useAsync[false]]" time="0.071"/>
  <testcase classname="org.apache.catalina.core.TestApplicationContextGetRequestDispatcher" name="testGetRequestDispatcherNullPath02[1: useAsync[false]]" time="0.068"/>
  <testcase classname="org.apache.catalina.core.TestApplicationContextGetRequestDispatcher" name="testGetRequestDispatcher01[1: useAsync[false]]" time="0.071"/>
  <testcase classname="org.apache.catalina.core.TestApplicationContextGetRequestDispatcher" name="testGetRequestDispatcher02[1: useAsync[false]]" time="0.074"/>
  <testcase classname="org.apache.catalina.core.TestApplicationContextGetRequestDispatcher" name="testGetRequestDispatcher03[1: useAsync[false]]" time="0.069"/>
  <testcase classname="org.apache.catalina.core.TestApplicationContextGetRequestDispatcher" name="testGetRequestDispatcher04[1: useAsync[false]]" time="0.065"/>
  <testcase classname="org.apache.catalina.core.TestApplicationContextGetRequestDispatcher" name="testGetRequestDispatcher05[1: useAsync[false]]" time="0.063"/>
  <testcase classname="org.apache.catalina.core.TestApplicationContextGetRequestDispatcher" name="testGetRequestDispatcher06[1: useAsync[false]]" time="0.063"/>
  <testcase classname="org.apache.catalina.core.TestApplicationContextGetRequestDispatcher" name="testGetRequestDispatcher11[1: useAsync[false]]" time="0.06"/>
  <testcase classname="org.apache.catalina.core.TestApplicationContextGetRequestDispatcher" name="testGetRequestDispatcher12[1: useAsync[false]]" time="0.065"/>
  <testcase classname="org.apache.catalina.core.TestApplicationContextGetRequestDispatcher" name="testGetRequestDispatcher13[1: useAsync[false]]" time="0.063"/>
  <testcase classname="org.apache.catalina.core.TestApplicationContextGetRequestDispatcher" name="testGetRequestDispatcher14[1: useAsync[false]]" time="0.076"/>
  <testcase classname="org.apache.catalina.core.TestApplicationContextGetRequestDispatcher" name="testGetRequestDispatcher15[1: useAsync[false]]" time="0.063"/>
  <testcase classname="org.apache.catalina.core.TestApplicationContextGetRequestDispatcher" name="testGetRequestDispatcher16[1: useAsync[false]]" time="0.062"/>
  <testcase classname="org.apache.catalina.core.TestApplicationContextGetRequestDispatcher" name="testGetRequestDispatcher21[1: useAsync[false]]" time="0.064"/>
  <testcase classname="org.apache.catalina.core.TestApplicationContextGetRequestDispatcher" name="testGetRequestDispatcher22[1: useAsync[false]]" time="0.065"/>
  <testcase classname="org.apache.catalina.core.TestApplicationContextGetRequestDispatcher" name="testGetRequestDispatcher23[1: useAsync[false]]" time="0.068"/>
  <testcase classname="org.apache.catalina.core.TestApplicationContextGetRequestDispatcher" name="testGetRequestDispatcher24[1: useAsync[false]]" time="0.067"/>
  <testcase classname="org.apache.catalina.core.TestApplicationContextGetRequestDispatcher" name="testGetRequestDispatcher25[1: useAsync[false]]" time="0.067"/>
  <testcase classname="org.apache.catalina.core.TestApplicationContextGetRequestDispatcher" name="testGetRequestDispatcher26[1: useAsync[false]]" time="0.065"/>
  <testcase classname="org.apache.catalina.core.TestApplicationContextGetRequestDispatcher" name="testGetRequestDispatcher31[1: useAsync[false]]" time="0.065"/>
  <testcase classname="org.apache.catalina.core.TestApplicationContextGetRequestDispatcher" name="testGetRequestDispatcher32[1: useAsync[false]]" time="0.068"/>
  <testcase classname="org.apache.catalina.core.TestApplicationContextGetRequestDispatcher" name="testGetRequestDispatcher33[1: useAsync[false]]" time="0.069"/>
  <testcase classname="org.apache.catalina.core.TestApplicationContextGetRequestDispatcher" name="testGetRequestDispatcher34[1: useAsync[false]]" time="0.068"/>
  <testcase classname="org.apache.catalina.core.TestApplicationContextGetRequestDispatcher" name="testGetRequestDispatcher35[1: useAsync[false]]" time="0.069"/>
  <testcase classname="org.apache.catalina.core.TestApplicationContextGetRequestDispatcher" name="testGetRequestDispatcher36[1: useAsync[false]]" time="0.069"/>
  <testcase classname="org.apache.catalina.core.TestApplicationContextGetRequestDispatcher" name="testGetRequestDispatcher41[1: useAsync[false]]" time="0.07"/>
  <testcase classname="org.apache.catalina.core.TestApplicationContextGetRequestDispatcher" name="testGetRequestDispatcher42[1: useAsync[false]]" time="0.065"/>
  <testcase classname="org.apache.catalina.core.TestApplicationContextGetRequestDispatcher" name="testGetRequestDispatcher43[1: useAsync[false]]" time="0.072"/>
  <testcase classname="org.apache.catalina.core.TestApplicationContextGetRequestDispatcher" name="testGetRequestDispatcher44[1: useAsync[false]]" time="0.074"/>
  <testcase classname="org.apache.catalina.core.TestApplicationContextGetRequestDispatcher" name="testGetRequestDispatcher45[1: useAsync[false]]" time="0.073"/>
  <testcase classname="org.apache.catalina.core.TestApplicationContextGetRequestDispatcher" name="testGetRequestDispatcher46[1: useAsync[false]]" time="0.069"/>
  <testcase classname="org.apache.catalina.core.TestApplicationContextGetRequestDispatcher" name="testGetRequestDispatcher47[1: useAsync[false]]" time="0.069"/>
  <testcase classname="org.apache.catalina.core.TestApplicationContextGetRequestDispatcher" name="testGetRequestDispatcher48[1: useAsync[false]]" time="0.065"/>
  <testcase classname="org.apache.catalina.core.TestApplicationContextGetRequestDispatcher" name="testGetRequestDispatcherOutsideContextRoot01[1: useAsync[false]]" time="0.074"/>
  <testcase classname="org.apache.catalina.core.TestApplicationContextGetRequestDispatcher" name="testGetRequestDispatcherOutsideContextRoot02[1: useAsync[false]]" time="0.075"/>
  <testcase classname="org.apache.catalina.core.TestApplicationContextGetRequestDispatcher" name="testGetRequestDispatcherTraversal01[1: useAsync[false]]" time="0.074"/>
  <testcase classname="org.apache.catalina.core.TestApplicationContextGetRequestDispatcher" name="testGetRequestDispatcherTraversal02[1: useAsync[false]]" time="0.063"/>
  <testcase classname="org.apache.catalina.core.TestApplicationContextGetRequestDispatcher" name="testGetRequestDispatcherTraversal03[1: useAsync[false]]" time="0.073"/>
  <testcase classname="org.apache.catalina.core.TestApplicationContextGetRequestDispatcher" name="testGetRequestDispatcherTraversal04[1: useAsync[false]]" time="0.069"/>
  <testcase classname="org.apache.catalina.core.TestApplicationContextGetRequestDispatcher" name="testGetRequestDispatcherTraversal05[1: useAsync[false]]" time="0.071"/>
  <testcase classname="org.apache.catalina.core.TestApplicationContextGetRequestDispatcher" name="testGetRequestDispatcherTraversal06[1: useAsync[false]]" time="0.068"/>
</testsuite>