<?xml version="1.0" encoding="UTF-8" ?>
<testsuite tests="82" failures="0" name="org.apache.catalina.filters.TestCorsFilter" time="0.03" errors="0" skipped="0">
  <properties>
[...]
</properties>
  <testcase classname="org.apache.catalina.filters.TestCorsFilter" name="testCheckNullRequestMethod" time="0.018"/>
  <testcase classname="org.apache.catalina.filters.TestCorsFilter" name="testDoFilterSameHostWithOrigin01" time="0.001"/>
  <testcase classname="org.apache.catalina.filters.TestCorsFilter" name="testDoFilterSameHostWithOrigin02" time="0"/>
  <testcase classname="org.apache.catalina.filters.TestCorsFilter" name="testDoFilterSameHostWithOrigin03" time="0"/>
  <testcase classname="org.apache.catalina.filters.TestCorsFilter" name="testDoFilterSameHostWithOrigin04" time="0"/>
  <testcase classname="org.apache.catalina.filters.TestCorsFilter" name="testDoFilterSameHostWithOrigin05" time="0"/>
  <testcase classname="org.apache.catalina.filters.TestCorsFilter" name="testDoFilterSameHostWithOrigin06" time="0"/>
  <testcase classname="org.apache.catalina.filters.TestCorsFilter" name="testDoFilterSameHostWithOrigin07" time="0"/>
  <testcase classname="org.apache.catalina.filters.TestCorsFilter" name="testDoFilterSimpleGET" time="0"/>
  <testcase classname="org.apache.catalina.filters.TestCorsFilter" name="testDoFilterNullOriginAllowedByConfiguration" time="0.003"/>
  <testcase classname="org.apache.catalina.filters.TestCorsFilter" name="testCheckActualRequestTypeMethodPOSTNotSimpleHeaders" time="0"/>
  <testcase classname="org.apache.catalina.filters.TestCorsFilter" name="testDoFilterSimpleWithExposedHeaders" time="0"/>
  <testcase classname="org.apache.catalina.filters.TestCorsFilter" name="testJoinPipeSeparator" time="0"/>
  <testcase classname="org.apache.catalina.filters.TestCorsFilter" name="testCheckForSchemeVariance" time="0"/>
  <testcase classname="org.apache.catalina.filters.TestCorsFilter" name="testDoFilterNoOrigin" time="0.001"/>
  <testcase classname="org.apache.catalina.filters.TestCorsFilter" name="testCheckPreFlightRequestTypeEmptyHeaders" time="0"/>
  <testcase classname="org.apache.catalina.filters.TestCorsFilter" name="testCheckNullOriginNotAllowed" time="0"/>
  <testcase classname="org.apache.catalina.filters.TestCorsFilter" name="testDoFilterPreflightAnyOrigin" time="0"/>
  <testcase classname="org.apache.catalina.filters.TestCorsFilter" name="testJoinOneNullElement" time="0"/>
  <testcase classname="org.apache.catalina.filters.TestCorsFilter" name="testJoinSepNull" time="0"/>
  <testcase classname="org.apache.catalina.filters.TestCorsFilter" name="testDoFilterSimpleHEAD" time="0"/>
  <testcase classname="org.apache.catalina.filters.TestCorsFilter" name="testDoFilterSimplePOST" time="0.001"/>
  <testcase classname="org.apache.catalina.filters.TestCorsFilter" name="testCheckPreFlightRequestTypeEmptyACRM" time="0"/>
  <testcase classname="org.apache.catalina.filters.TestCorsFilter" name="testJoin" time="0"/>
  <testcase classname="org.apache.catalina.filters.TestCorsFilter" name="testJoinAllNullElements" time="0"/>
  <testcase classname="org.apache.catalina.filters.TestCorsFilter" name="testDoFilterPreflightWithoutCredentialsAndSpecificOrigin" time="0"/>
  <testcase classname="org.apache.catalina.filters.TestCorsFilter" name="testDoFilterSimpleAnyOriginAndSupportsCredentials" time="0"/>
  <testcase classname="org.apache.catalina.filters.TestCorsFilter" name="testCheckPreFlightRequestTypeInvalidRequestMethod" time="0.001"/>
  <testcase classname="org.apache.catalina.filters.TestCorsFilter" name="testDoFilterPreflight" time="0"/>
  <testcase classname="org.apache.catalina.filters.TestCorsFilter" name="testDecorateCORSPropertiesNullRequestValidCORSRequestType" time="0"/>
  <testcase classname="org.apache.catalina.filters.TestCorsFilter" name="testCheckPreFlightRequestTypeNoACRM" time="0"/>
  <testcase classname="org.apache.catalina.filters.TestCorsFilter" name="testDecorateCORSPropertiesValidRequestNullRequestType" time="0"/>
  <testcase classname="org.apache.catalina.filters.TestCorsFilter" name="testJoinSingleElement" time="0"/>
  <testcase classname="org.apache.catalina.filters.TestCorsFilter" name="testCheckPreFlightRequestTypeOriginNotAllowed" time="0"/>
  <testcase classname="org.apache.catalina.filters.TestCorsFilter" name="testWithFilterConfigInvalidPreflightAge" time="0"/>
  <testcase classname="org.apache.catalina.filters.TestCorsFilter" name="testCheckInvalidCRLF1" time="0"/>
  <testcase classname="org.apache.catalina.filters.TestCorsFilter" name="testCheckInvalidCRLF2" time="0"/>
  <testcase classname="org.apache.catalina.filters.TestCorsFilter" name="testCheckInvalidCRLF3" time="0"/>
  <testcase classname="org.apache.catalina.filters.TestCorsFilter" name="testCheckInvalidCRLF4" time="0"/>
  <testcase classname="org.apache.catalina.filters.TestCorsFilter" name="testNotPreflight" time="0"/>
  <testcase classname="org.apache.catalina.filters.TestCorsFilter" name="testWithStringParserEmpty" time="0"/>
  <testcase classname="org.apache.catalina.filters.TestCorsFilter" name="testJoinAllEmptyElements" time="0"/>
  <testcase classname="org.apache.catalina.filters.TestCorsFilter" name="testDecorateCORSPropertiesCORSRequestTypeInvalidCORS" time="0"/>
  <testcase classname="org.apache.catalina.filters.TestCorsFilter" name="testInitDefaultFilterConfig" time="0.002"/>
  <testcase classname="org.apache.catalina.filters.TestCorsFilter" name="testCheckRequestTypeNull" time="0"/>
  <testcase classname="org.apache.catalina.filters.TestCorsFilter" name="testDoFilterPreflightNegativeMaxAge" time="0"/>
  <testcase classname="org.apache.catalina.filters.TestCorsFilter" name="testDoFilterPreflightInvalidOrigin" time="0"/>
  <testcase classname="org.apache.catalina.filters.TestCorsFilter" name="testDecorateCORSPropertiesCORSRequestTypeNotCORS" time="0"/>
  <testcase classname="org.apache.catalina.filters.TestCorsFilter" name="testCheckInvalidOriginNotAllowedSubdomain" time="0"/>
  <testcase classname="org.apache.catalina.filters.TestCorsFilter" name="testDoFilterPreflightWithCredentials" time="0.001"/>
  <testcase classname="org.apache.catalina.filters.TestCorsFilter" name="testCheckPreFlightRequestTypeUnsupportedRequestMethod" time="0"/>
  <testcase classname="org.apache.catalina.filters.TestCorsFilter" name="testWithFilterConfig" time="0"/>
  <testcase classname="org.apache.catalina.filters.TestCorsFilter" name="testJoinElementsNull" time="0"/>
  <testcase classname="org.apache.catalina.filters.TestCorsFilter" name="testCheckActualRequestType" time="0"/>
  <testcase classname="org.apache.catalina.filters.TestCorsFilter" name="testCheckInvalidRequestMethod" time="0"/>
  <testcase classname="org.apache.catalina.filters.TestCorsFilter" name="testCheckPreFlightRequestTypeUnsupportedRequestHeaders" time="0"/>
  <testcase classname="org.apache.catalina.filters.TestCorsFilter" name="testInValidOriginEncodedCRLF1" time="0"/>
  <testcase classname="org.apache.catalina.filters.TestCorsFilter" name="testInValidOriginEncodedCRLF2" time="0"/>
  <testcase classname="org.apache.catalina.filters.TestCorsFilter" name="testInValidOriginEncodedCRLF3" time="0"/>
  <testcase classname="org.apache.catalina.filters.TestCorsFilter" name="testCheckForPortVariance" time="0.001"/>
  <testcase classname="org.apache.catalina.filters.TestCorsFilter" name="testDecorateCORSPropertiesNullRequestNullCORSRequestType" time="0"/>
  <testcase classname="org.apache.catalina.filters.TestCorsFilter" name="testInValidOriginCRLF" time="0"/>
  <testcase classname="org.apache.catalina.filters.TestCorsFilter" name="testDoFilterInvalidCORSOriginNotAllowed" time="0"/>
  <testcase classname="org.apache.catalina.filters.TestCorsFilter" name="testWithStringParserNull" time="0"/>
  <testcase classname="org.apache.catalina.filters.TestCorsFilter" name="testDoFilterSimpleSpecificHeader" time="0"/>
  <testcase classname="org.apache.catalina.filters.TestCorsFilter" name="testInitInvalidFilterConfig" time="0"/>
  <testcase classname="org.apache.catalina.filters.TestCorsFilter" name="testContentTypeWithParameter" time="0"/>
  <testcase classname="org.apache.catalina.filters.TestCorsFilter" name="testCheckSimpleRequestType" time="0"/>
  <testcase classname="org.apache.catalina.filters.TestCorsFilter" name="testDoFilterNullOriginAllowedByDefault" time="0"/>
  <testcase classname="org.apache.catalina.filters.TestCorsFilter" name="testDoFilterNullRequestResponse" time="0"/>
  <testcase classname="org.apache.catalina.filters.TestCorsFilter" name="testCheckSimpleRequestTypeAnyOrigin" time="0"/>
  <testcase classname="org.apache.catalina.filters.TestCorsFilter" name="testDoFilterSimpleAnyOriginAndSupportsCredentialsDisabled" time="0"/>
  <testcase classname="org.apache.catalina.filters.TestCorsFilter" name="testCheckPreFlightRequestType" time="0"/>
  <testcase classname="org.apache.catalina.filters.TestCorsFilter" name="testDoFilterRequestNullResponse" time="0.001"/>
  <testcase classname="org.apache.catalina.filters.TestCorsFilter" name="testCheckPreFlightRequestTypeNoHeaders" time="0"/>
  <testcase classname="org.apache.catalina.filters.TestCorsFilter" name="testDecorateRequestDisabled" time="0"/>
  <testcase classname="org.apache.catalina.filters.TestCorsFilter" name="testValidOrigin" time="0"/>
  <testcase classname="org.apache.catalina.filters.TestCorsFilter" name="testCheckInvalidOrigin" time="0"/>
  <testcase classname="org.apache.catalina.filters.TestCorsFilter" name="testDoFilterNullRequestNullResponse" time="0"/>
  <testcase classname="org.apache.catalina.filters.TestCorsFilter" name="testNotSimple" time="0"/>
  <testcase classname="org.apache.catalina.filters.TestCorsFilter" name="testCheckPreFlightRequestTypeAnyOriginNoWithCredentials" time="0"/>
  <testcase classname="org.apache.catalina.filters.TestCorsFilter" name="testCheckNotCORSRequestTypeEmptyOrigin" time="0"/>
</testsuite>